[2017-04-11 22:16:56.635]: Peer [1002] makes a connection to Peer [1001]
[2017-04-11 22:16:56.7]: Peer [1002] is connected from Peer [1001]
[2017-04-11 22:16:56.702]: Peer [1002] sent 'bitfield' message to Peer [1001]
[2017-04-11 22:16:56.703]: Peer [1002] received the 'bitfield' message from Peer [1001]
[2017-04-11 22:16:56.704]: Peer [1002] sent the 'interested' message to Peer [1001]
[2017-04-11 22:16:56.763]: Peer [1002] received 'not interested' message from Peer [1001]
[2017-04-11 22:16:58.154]: Peer [1002] is unchoked by Peer [1001]
[2017-04-11 22:16:58.155]: Peer [1002] send request message to Peer [1001] for piece [56]
[2017-04-11 22:16:58.221]: Peer [1002] has downloaded the piece [56] from Peer [1001]
[2017-04-11 22:16:58.221]: Peer [1002] sent have [56] message to all Peers
[2017-04-11 22:16:58.221]: Peer [1002] sent the 'not intereted' message to Peer [1003]
[2017-04-11 22:16:58.222]: Peer [1002] send request message to Peer [1001] for piece [135]
[2017-04-11 22:16:58.282]: Peer [1002] received 'not interested' message from Peer [1001]
[2017-04-11 22:16:58.284]: Peer [1002] has downloaded the piece [135] from Peer [1001]
[2017-04-11 22:16:58.284]: Peer [1002] sent have [135] message to all Peers
[2017-04-11 22:16:58.284]: Peer [1002] sent the 'not intereted' message to Peer [1003]
[2017-04-11 22:16:58.285]: Peer [1002] send request message to Peer [1001] for piece [127]
[2017-04-11 22:16:58.347]: Peer [1002] received 'not interested' message from Peer [1001]
[2017-04-11 22:16:58.348]: Peer [1002] has downloaded the piece [127] from Peer [1001]
[2017-04-11 22:16:58.348]: Peer [1002] sent have [127] message to all Peers
[2017-04-11 22:16:58.348]: Peer [1002] sent the 'not intereted' message to Peer [1003]
[2017-04-11 22:16:58.349]: Peer [1002] send request message to Peer [1001] for piece [37]
[2017-04-11 22:16:58.408]: Peer [1002] received 'not interested' message from Peer [1001]
[2017-04-11 22:16:58.409]: Peer [1002] has downloaded the piece [37] from Peer [1001]
[2017-04-11 22:16:58.409]: Peer [1002] sent have [37] message to all Peers
[2017-04-11 22:16:58.409]: Peer [1002] sent the 'not intereted' message to Peer [1003]
[2017-04-11 22:16:58.41]: Peer [1002] send request message to Peer [1001] for piece [65]
[2017-04-11 22:16:58.472]: Peer [1002] received 'not interested' message from Peer [1001]
[2017-04-11 22:16:58.472]: Peer [1002] has downloaded the piece [65] from Peer [1001]
[2017-04-11 22:16:58.473]: Peer [1002] sent have [65] message to all Peers
[2017-04-11 22:16:58.473]: Peer [1002] sent the 'not intereted' message to Peer [1003]
[2017-04-11 22:16:58.473]: Peer [1002] send request message to Peer [1001] for piece [76]
[2017-04-11 22:16:58.534]: Peer [1002] received 'not interested' message from Peer [1001]
[2017-04-11 22:16:58.535]: Peer [1002] has downloaded the piece [76] from Peer [1001]
[2017-04-11 22:16:58.535]: Peer [1002] sent have [76] message to all Peers
[2017-04-11 22:16:58.535]: Peer [1002] sent the 'not intereted' message to Peer [1003]
[2017-04-11 22:16:58.536]: Peer [1002] send request message to Peer [1001] for piece [51]
[2017-04-11 22:16:58.598]: Peer [1002] received 'not interested' message from Peer [1001]
[2017-04-11 22:16:58.599]: Peer [1002] has downloaded the piece [51] from Peer [1001]
[2017-04-11 22:16:58.599]: Peer [1002] sent have [51] message to all Peers
[2017-04-11 22:16:58.599]: Peer [1002] sent the 'not intereted' message to Peer [1003]
[2017-04-11 22:16:58.6]: Peer [1002] send request message to Peer [1001] for piece [91]
[2017-04-11 22:16:58.661]: Peer [1002] received 'not interested' message from Peer [1001]
[2017-04-11 22:16:58.662]: Peer [1002] has downloaded the piece [91] from Peer [1001]
[2017-04-11 22:16:58.662]: Peer [1002] sent have [91] message to all Peers
[2017-04-11 22:16:58.663]: Peer [1002] sent the 'not intereted' message to Peer [1003]
[2017-04-11 22:16:58.663]: Peer [1002] send request message to Peer [1001] for piece [44]
[2017-04-11 22:16:58.741]: Peer [1002] received 'not interested' message from Peer [1001]
[2017-04-11 22:16:58.742]: Peer [1002] has downloaded the piece [44] from Peer [1001]
[2017-04-11 22:16:58.743]: Peer [1002] sent have [44] message to all Peers
[2017-04-11 22:16:58.744]: Peer [1002] sent the 'not intereted' message to Peer [1003]
[2017-04-11 22:16:58.744]: Peer [1002] send request message to Peer [1001] for piece [40]
[2017-04-11 22:16:58.807]: Peer [1002] received 'not interested' message from Peer [1001]
[2017-04-11 22:16:58.808]: Peer [1002] has downloaded the piece [40] from Peer [1001]
[2017-04-11 22:16:58.809]: Peer [1002] sent have [40] message to all Peers
[2017-04-11 22:16:58.809]: Peer [1002] sent the 'not intereted' message to Peer [1003]
[2017-04-11 22:16:58.809]: Peer [1002] send request message to Peer [1001] for piece [4]
[2017-04-11 22:16:58.871]: Peer [1002] received 'not interested' message from Peer [1001]
[2017-04-11 22:16:58.872]: Peer [1002] has downloaded the piece [4] from Peer [1001]
[2017-04-11 22:16:58.872]: Peer [1002] sent have [4] message to all Peers
[2017-04-11 22:16:58.872]: Peer [1002] sent the 'not intereted' message to Peer [1003]
[2017-04-11 22:16:58.872]: Peer [1002] send request message to Peer [1001] for piece [66]
[2017-04-11 22:16:58.935]: Peer [1002] received 'not interested' message from Peer [1001]
[2017-04-11 22:16:58.936]: Peer [1002] has downloaded the piece [66] from Peer [1001]
[2017-04-11 22:16:58.936]: Peer [1002] sent have [66] message to all Peers
[2017-04-11 22:16:58.937]: Peer [1002] sent the 'not intereted' message to Peer [1003]
[2017-04-11 22:16:58.937]: Peer [1002] send request message to Peer [1001] for piece [49]
[2017-04-11 22:16:58.998]: Peer [1002] received 'not interested' message from Peer [1001]
[2017-04-11 22:16:58.998]: Peer [1002] has downloaded the piece [49] from Peer [1001]
[2017-04-11 22:16:58.999]: Peer [1002] sent have [49] message to all Peers
[2017-04-11 22:16:58.999]: Peer [1002] sent the 'not intereted' message to Peer [1003]
[2017-04-11 22:16:58.999]: Peer [1002] send request message to Peer [1001] for piece [133]
[2017-04-11 22:16:59.343]: Peer [1002] received 'not interested' message from Peer [1001]
[2017-04-11 22:16:59.344]: Peer [1002] has downloaded the piece [133] from Peer [1001]
[2017-04-11 22:16:59.344]: Peer [1002] sent have [133] message to all Peers
[2017-04-11 22:16:59.344]: Peer [1002] sent the 'not intereted' message to Peer [1003]
[2017-04-11 22:16:59.345]: Peer [1002] send request message to Peer [1001] for piece [35]
[2017-04-11 22:16:59.345]: Peer [1002] makes a connection to Peer [1003]
[2017-04-11 22:16:59.345]: Peer [1002] is connected from Peer [1003]
[2017-04-11 22:16:59.345]: Peer [1002] sent 'bitfield' message to Peer [1003]
[2017-04-11 22:16:59.358]: Peer [1002] received 'interested' message from Peer [1003]
[2017-04-11 22:16:59.37]: Peer [1002] received the 'bitfield' message from Peer [1003]
[2017-04-11 22:16:59.37]: Peer [1002] sent the 'not intereted' message to Peer [1003]
[2017-04-11 22:16:59.378]: Peer [1002] received 'interested' message from Peer [1003]
[2017-04-11 22:16:59.406]: Peer [1002] received 'not interested' message from Peer [1001]
[2017-04-11 22:16:59.406]: Peer [1002] has downloaded the piece [35] from Peer [1001]
[2017-04-11 22:16:59.406]: Peer [1002] sent have [35] message to all Peers
[2017-04-11 22:16:59.407]: Peer [1002] sent the 'not intereted' message to Peer [1003]
[2017-04-11 22:16:59.407]: Peer [1002] send request message to Peer [1001] for piece [85]
[2017-04-11 22:16:59.464]: Peer [1002] received 'interested' message from Peer [1003]
[2017-04-11 22:16:59.469]: Peer [1002] received 'not interested' message from Peer [1001]
[2017-04-11 22:16:59.47]: Peer [1002] has downloaded the piece [85] from Peer [1001]
[2017-04-11 22:16:59.47]: Peer [1002] sent have [85] message to all Peers
[2017-04-11 22:16:59.471]: Peer [1002] sent the 'not intereted' message to Peer [1003]
[2017-04-11 22:16:59.471]: Peer [1002] send request message to Peer [1001] for piece [105]
[2017-04-11 22:16:59.517]: Peer [1002] received 'interested' message from Peer [1003]
[2017-04-11 22:16:59.531]: Peer [1002] received 'not interested' message from Peer [1001]
[2017-04-11 22:16:59.531]: Peer [1002] has downloaded the piece [105] from Peer [1001]
[2017-04-11 22:16:59.532]: Peer [1002] sent have [105] message to all Peers
[2017-04-11 22:16:59.532]: Peer [1002] sent the 'not intereted' message to Peer [1003]
[2017-04-11 22:16:59.532]: Peer [1002] send request message to Peer [1001] for piece [80]
[2017-04-11 22:16:59.565]: Peer [1002] is choked by Peer [1001]
[2017-04-11 22:16:59.568]: Peer [1002] received 'not interested' message from Peer [1001]
[2017-04-11 22:16:59.569]: Peer [1002] received refuse message from Peer [1001] for the piece [80]
[2017-04-11 22:16:59.572]: Peer [1002] received 'interested' message from Peer [1003]
[2017-04-11 22:16:59.606]: Peer [1002] unchoke Peer [1003]
[2017-04-11 22:16:59.606]: Peer [1002] has the preferred neighbors [1003]
[2017-04-11 22:16:59.637]: Peer [1002] received request from Peer [1003]
[2017-04-11 22:16:59.639]: Peer [1002] sent a piece to Peer [1003] which is piece 76
[2017-04-11 22:16:59.703]: Peer [1002] received have message from Peer [1003] for the piece [76]
[2017-04-11 22:16:59.703]: Peer [1002] sent the 'not intereted' message to Peer [1003]
[2017-04-11 22:16:59.708]: Peer [1002] received request from Peer [1003]
[2017-04-11 22:16:59.711]: Peer [1002] sent a piece to Peer [1003] which is piece 37
[2017-04-11 22:16:59.711]: Peer [1002] received have message from Peer [1003] for the piece [116]
[2017-04-11 22:16:59.712]: Peer [1002] sent the 'interested' message to Peer [1003]
[2017-04-11 22:16:59.745]: Peer [1002] received have message from Peer [1003] for the piece [37]
[2017-04-11 22:16:59.745]: Peer [1002] sent the 'interested' message to Peer [1003]
[2017-04-11 22:16:59.746]: Peer [1002] received request from Peer [1003]
[2017-04-11 22:16:59.747]: Peer [1002] sent a piece to Peer [1003] which is piece 40
[2017-04-11 22:16:59.747]: Peer [1002] received have message from Peer [1003] for the piece [26]
[2017-04-11 22:16:59.747]: Peer [1002] sent the 'interested' message to Peer [1003]
[2017-04-11 22:16:59.774]: Peer [1002] received have message from Peer [1003] for the piece [40]
[2017-04-11 22:16:59.775]: Peer [1002] sent the 'interested' message to Peer [1003]
[2017-04-11 22:16:59.776]: Peer [1002] received request from Peer [1003]
[2017-04-11 22:16:59.777]: Peer [1002] sent a piece to Peer [1003] which is piece 56
[2017-04-11 22:16:59.777]: Peer [1002] received have message from Peer [1003] for the piece [44]
[2017-04-11 22:16:59.777]: Peer [1002] sent the 'interested' message to Peer [1003]
[2017-04-11 22:16:59.799]: Peer [1002] received have message from Peer [1003] for the piece [56]
[2017-04-11 22:16:59.8]: Peer [1002] sent the 'interested' message to Peer [1003]
[2017-04-11 22:16:59.8]: Peer [1002] received request from Peer [1003]
[2017-04-11 22:16:59.801]: Peer [1002] sent a piece to Peer [1003] which is piece 85
[2017-04-11 22:16:59.814]: Peer [1002] received have message from Peer [1003] for the piece [21]
[2017-04-11 22:16:59.815]: Peer [1002] sent the 'interested' message to Peer [1003]
[2017-04-11 22:16:59.826]: Peer [1002] received have message from Peer [1003] for the piece [85]
[2017-04-11 22:16:59.827]: Peer [1002] sent the 'interested' message to Peer [1003]
[2017-04-11 22:16:59.827]: Peer [1002] received request from Peer [1003]
[2017-04-11 22:16:59.828]: Peer [1002] sent a piece to Peer [1003] which is piece 49
[2017-04-11 22:16:59.837]: Peer [1002] received have message from Peer [1003] for the piece [131]
[2017-04-11 22:16:59.838]: Peer [1002] sent the 'interested' message to Peer [1003]
[2017-04-11 22:16:59.848]: Peer [1002] received have message from Peer [1003] for the piece [49]
[2017-04-11 22:16:59.849]: Peer [1002] sent the 'interested' message to Peer [1003]
[2017-04-11 22:16:59.849]: Peer [1002] received request from Peer [1003]
[2017-04-11 22:16:59.85]: Peer [1002] sent a piece to Peer [1003] which is piece 4
[2017-04-11 22:16:59.86]: Peer [1002] received have message from Peer [1003] for the piece [13]
[2017-04-11 22:16:59.861]: Peer [1002] sent the 'interested' message to Peer [1003]
[2017-04-11 22:16:59.872]: Peer [1002] received have message from Peer [1003] for the piece [4]
[2017-04-11 22:16:59.872]: Peer [1002] sent the 'interested' message to Peer [1003]
[2017-04-11 22:16:59.872]: Peer [1002] received request from Peer [1003]
[2017-04-11 22:16:59.873]: Peer [1002] sent a piece to Peer [1003] which is piece 51
[2017-04-11 22:16:59.884]: Peer [1002] received have message from Peer [1003] for the piece [111]
[2017-04-11 22:16:59.884]: Peer [1002] sent the 'interested' message to Peer [1003]
[2017-04-11 22:16:59.9]: Peer [1002] received have message from Peer [1003] for the piece [51]
[2017-04-11 22:16:59.9]: Peer [1002] sent the 'interested' message to Peer [1003]
[2017-04-11 22:16:59.901]: Peer [1002] received request from Peer [1003]
[2017-04-11 22:16:59.902]: Peer [1002] sent a piece to Peer [1003] which is piece 65
[2017-04-11 22:16:59.912]: Peer [1002] received have message from Peer [1003] for the piece [118]
[2017-04-11 22:16:59.913]: Peer [1002] sent the 'interested' message to Peer [1003]
[2017-04-11 22:16:59.917]: Peer [1002] received have message from Peer [1003] for the piece [65]
[2017-04-11 22:16:59.917]: Peer [1002] sent the 'interested' message to Peer [1003]
[2017-04-11 22:16:59.918]: Peer [1002] received request from Peer [1003]
[2017-04-11 22:16:59.919]: Peer [1002] sent a piece to Peer [1003] which is piece 105
[2017-04-11 22:16:59.927]: Peer [1002] received have message from Peer [1003] for the piece [77]
[2017-04-11 22:16:59.927]: Peer [1002] sent the 'interested' message to Peer [1003]
[2017-04-11 22:16:59.936]: Peer [1002] received have message from Peer [1003] for the piece [105]
[2017-04-11 22:16:59.936]: Peer [1002] sent the 'interested' message to Peer [1003]
[2017-04-11 22:16:59.937]: Peer [1002] received request from Peer [1003]
[2017-04-11 22:16:59.938]: Peer [1002] sent a piece to Peer [1003] which is piece 35
[2017-04-11 22:16:59.945]: Peer [1002] received have message from Peer [1003] for the piece [103]
[2017-04-11 22:16:59.945]: Peer [1002] sent the 'interested' message to Peer [1003]
[2017-04-11 22:16:59.954]: Peer [1002] received have message from Peer [1003] for the piece [35]
[2017-04-11 22:16:59.954]: Peer [1002] sent the 'interested' message to Peer [1003]
[2017-04-11 22:16:59.955]: Peer [1002] received request from Peer [1003]
[2017-04-11 22:16:59.956]: Peer [1002] sent a piece to Peer [1003] which is piece 135
[2017-04-11 22:16:59.963]: Peer [1002] received have message from Peer [1003] for the piece [130]
[2017-04-11 22:16:59.964]: Peer [1002] sent the 'interested' message to Peer [1003]
[2017-04-11 22:16:59.971]: Peer [1002] received have message from Peer [1003] for the piece [135]
[2017-04-11 22:16:59.971]: Peer [1002] sent the 'interested' message to Peer [1003]
[2017-04-11 22:16:59.972]: Peer [1002] received request from Peer [1003]
[2017-04-11 22:16:59.973]: Peer [1002] sent a piece to Peer [1003] which is piece 133
[2017-04-11 22:16:59.982]: Peer [1002] received have message from Peer [1003] for the piece [124]
[2017-04-11 22:16:59.982]: Peer [1002] sent the 'interested' message to Peer [1003]
[2017-04-11 22:16:59.985]: Peer [1002] received have message from Peer [1003] for the piece [133]
[2017-04-11 22:16:59.986]: Peer [1002] sent the 'interested' message to Peer [1003]
[2017-04-11 22:16:59.988]: Peer [1002] received request from Peer [1003]
[2017-04-11 22:16:59.989]: Peer [1002] sent a piece to Peer [1003] which is piece 91
[2017-04-11 22:17:00.035]: Peer [1002] received have message from Peer [1003] for the piece [39]
[2017-04-11 22:17:00.036]: Peer [1002] sent the 'interested' message to Peer [1003]
[2017-04-11 22:17:00.037]: Peer [1002] received have message from Peer [1003] for the piece [91]
[2017-04-11 22:17:00.037]: Peer [1002] sent the 'interested' message to Peer [1003]
[2017-04-11 22:17:00.037]: Peer [1002] received request from Peer [1003]
[2017-04-11 22:17:00.038]: Peer [1002] sent a piece to Peer [1003] which is piece 127
[2017-04-11 22:17:00.05]: Peer [1002] is unchoked by Peer [1003]
[2017-04-11 22:17:00.051]: Peer [1002] send request message to Peer [1003] for piece [13]
[2017-04-11 22:17:00.061]: Peer [1002] received have message from Peer [1003] for the piece [43]
[2017-04-11 22:17:00.061]: Peer [1002] sent the 'interested' message to Peer [1003]
[2017-04-11 22:17:00.074]: Peer [1002] received have message from Peer [1003] for the piece [127]
[2017-04-11 22:17:00.075]: Peer [1002] sent the 'interested' message to Peer [1003]
[2017-04-11 22:17:00.075]: Peer [1002] received request from Peer [1003]
[2017-04-11 22:17:00.076]: Peer [1002] sent a piece to Peer [1003] which is piece 66
[2017-04-11 22:17:00.077]: Peer [1002] has downloaded the piece [13] from Peer [1003]
[2017-04-11 22:17:00.077]: Peer [1002] sent have [13] message to all Peers
[2017-04-11 22:17:00.078]: Peer [1002] send request message to Peer [1003] for piece [21]
[2017-04-11 22:17:00.1]: Peer [1002] received have message from Peer [1003] for the piece [66]
[2017-04-11 22:17:00.1]: Peer [1002] sent the 'interested' message to Peer [1003]
[2017-04-11 22:17:00.101]: Peer [1002] received have message from Peer [1003] for the piece [1]
[2017-04-11 22:17:00.101]: Peer [1002] sent the 'interested' message to Peer [1003]
[2017-04-11 22:17:00.102]: Peer [1002] received 'not interested' message from Peer [1003]
[2017-04-11 22:17:00.102]: Peer [1002] received 'not interested' message from Peer [1003]
[2017-04-11 22:17:00.102]: Peer [1002] received 'not interested' message from Peer [1003]
[2017-04-11 22:17:00.103]: Peer [1002] has downloaded the piece [21] from Peer [1003]
[2017-04-11 22:17:00.103]: Peer [1002] sent have [21] message to all Peers
[2017-04-11 22:17:00.103]: Peer [1002] send request message to Peer [1003] for piece [118]
[2017-04-11 22:17:00.132]: Peer [1002] received 'not interested' message from Peer [1003]
[2017-04-11 22:17:00.133]: Peer [1002] has downloaded the piece [118] from Peer [1003]
[2017-04-11 22:17:00.134]: Peer [1002] sent have [118] message to all Peers
[2017-04-11 22:17:00.134]: Peer [1002] send request message to Peer [1003] for piece [26]
[2017-04-11 22:17:00.14]: Peer [1002] received have message from Peer [1003] for the piece [61]
[2017-04-11 22:17:00.141]: Peer [1002] sent the 'interested' message to Peer [1003]
[2017-04-11 22:17:00.141]: Peer [1002] received 'not interested' message from Peer [1003]
[2017-04-11 22:17:00.144]: Peer [1002] received 'not interested' message from Peer [1001]
[2017-04-11 22:17:00.145]: Peer [1002] received 'not interested' message from Peer [1001]
[2017-04-11 22:17:00.15]: Peer [1002] received 'not interested' message from Peer [1001]
[2017-04-11 22:17:00.15]: Peer [1002] received 'not interested' message from Peer [1003]
[2017-04-11 22:17:00.151]: Peer [1002] has downloaded the piece [26] from Peer [1003]
[2017-04-11 22:17:00.151]: Peer [1002] sent have [26] message to all Peers
[2017-04-11 22:17:00.152]: Peer [1002] send request message to Peer [1003] for piece [61]
[2017-04-11 22:17:00.168]: Peer [1002] received have message from Peer [1003] for the piece [6]
[2017-04-11 22:17:00.169]: Peer [1002] sent the 'interested' message to Peer [1003]
[2017-04-11 22:17:00.169]: Peer [1002] received 'not interested' message from Peer [1003]
[2017-04-11 22:17:00.173]: Peer [1002] received 'not interested' message from Peer [1003]
[2017-04-11 22:17:00.174]: Peer [1002] has downloaded the piece [61] from Peer [1003]
[2017-04-11 22:17:00.174]: Peer [1002] sent have [61] message to all Peers
[2017-04-11 22:17:00.174]: Peer [1002] send request message to Peer [1003] for piece [6]
[2017-04-11 22:17:00.191]: Peer [1002] received 'not interested' message from Peer [1003]
[2017-04-11 22:17:00.192]: Peer [1002] has downloaded the piece [6] from Peer [1003]
[2017-04-11 22:17:00.193]: Peer [1002] sent have [6] message to all Peers
[2017-04-11 22:17:00.193]: Peer [1002] send request message to Peer [1003] for piece [131]
[2017-04-11 22:17:00.21]: Peer [1002] received 'not interested' message from Peer [1003]
[2017-04-11 22:17:00.21]: Peer [1002] has downloaded the piece [131] from Peer [1003]
[2017-04-11 22:17:00.211]: Peer [1002] sent have [131] message to all Peers
[2017-04-11 22:17:00.211]: Peer [1002] send request message to Peer [1003] for piece [103]
[2017-04-11 22:17:00.211]: Peer [1002] received have message from Peer [1003] for the piece [68]
[2017-04-11 22:17:00.212]: Peer [1002] sent the 'interested' message to Peer [1003]
[2017-04-11 22:17:00.212]: Peer [1002] received 'not interested' message from Peer [1003]
[2017-04-11 22:17:00.217]: Peer [1002] received 'not interested' message from Peer [1001]
[2017-04-11 22:17:00.217]: Peer [1002] received 'not interested' message from Peer [1001]
[2017-04-11 22:17:00.217]: Peer [1002] received 'not interested' message from Peer [1001]
[2017-04-11 22:17:00.219]: Peer [1002] received 'not interested' message from Peer [1001]
[2017-04-11 22:17:00.302]: Peer [1002] received have message from Peer [1003] for the piece [92]
[2017-04-11 22:17:00.303]: Peer [1002] sent the 'interested' message to Peer [1003]
[2017-04-11 22:17:00.304]: Peer [1002] received 'not interested' message from Peer [1003]
[2017-04-11 22:17:00.306]: Peer [1002] received 'not interested' message from Peer [1003]
[2017-04-11 22:17:00.306]: Peer [1002] has downloaded the piece [103] from Peer [1003]
[2017-04-11 22:17:00.306]: Peer [1002] sent have [103] message to all Peers
[2017-04-11 22:17:00.307]: Peer [1002] send request message to Peer [1003] for piece [111]
[2017-04-11 22:17:00.319]: Peer [1002] received 'not interested' message from Peer [1003]
[2017-04-11 22:17:00.32]: Peer [1002] has downloaded the piece [111] from Peer [1003]
[2017-04-11 22:17:00.321]: Peer [1002] sent have [111] message to all Peers
[2017-04-11 22:17:00.321]: Peer [1002] send request message to Peer [1003] for piece [43]
[2017-04-11 22:17:00.323]: Peer [1002] received have message from Peer [1003] for the piece [25]
[2017-04-11 22:17:00.323]: Peer [1002] sent the 'interested' message to Peer [1003]
[2017-04-11 22:17:00.325]: Peer [1002] received 'not interested' message from Peer [1003]
[2017-04-11 22:17:00.337]: Peer [1002] received 'not interested' message from Peer [1003]
[2017-04-11 22:17:00.338]: Peer [1002] has downloaded the piece [43] from Peer [1003]
[2017-04-11 22:17:00.338]: Peer [1002] sent have [43] message to all Peers
[2017-04-11 22:17:00.339]: Peer [1002] send request message to Peer [1003] for piece [39]
[2017-04-11 22:17:00.359]: Peer [1002] received 'not interested' message from Peer [1003]
[2017-04-11 22:17:00.36]: Peer [1002] has downloaded the piece [39] from Peer [1003]
[2017-04-11 22:17:00.36]: Peer [1002] sent have [39] message to all Peers
[2017-04-11 22:17:00.361]: Peer [1002] send request message to Peer [1003] for piece [124]
[2017-04-11 22:17:00.363]: Peer [1002] received have message from Peer [1003] for the piece [48]
[2017-04-11 22:17:00.363]: Peer [1002] sent the 'interested' message to Peer [1003]
[2017-04-11 22:17:00.383]: Peer [1002] received 'not interested' message from Peer [1003]
[2017-04-11 22:17:00.398]: Peer [1002] received 'not interested' message from Peer [1003]
[2017-04-11 22:17:00.398]: Peer [1002] received 'not interested' message from Peer [1001]
[2017-04-11 22:17:00.398]: Peer [1002] received 'not interested' message from Peer [1001]
[2017-04-11 22:17:00.399]: Peer [1002] received 'not interested' message from Peer [1001]
[2017-04-11 22:17:00.399]: Peer [1002] has downloaded the piece [124] from Peer [1003]
[2017-04-11 22:17:00.399]: Peer [1002] received 'not interested' message from Peer [1001]
[2017-04-11 22:17:00.399]: Peer [1002] sent have [124] message to all Peers
[2017-04-11 22:17:00.4]: Peer [1002] send request message to Peer [1003] for piece [48]
[2017-04-11 22:17:00.41]: Peer [1002] received have message from Peer [1003] for the piece [107]
[2017-04-11 22:17:00.41]: Peer [1002] sent the 'interested' message to Peer [1003]
[2017-04-11 22:17:00.41]: Peer [1002] received 'not interested' message from Peer [1003]
[2017-04-11 22:17:00.413]: Peer [1002] received 'not interested' message from Peer [1003]
[2017-04-11 22:17:00.414]: Peer [1002] has downloaded the piece [48] from Peer [1003]
[2017-04-11 22:17:00.414]: Peer [1002] sent have [48] message to all Peers
[2017-04-11 22:17:00.414]: Peer [1002] send request message to Peer [1003] for piece [25]
[2017-04-11 22:17:00.424]: Peer [1002] received 'not interested' message from Peer [1003]
[2017-04-11 22:17:00.425]: Peer [1002] has downloaded the piece [25] from Peer [1003]
[2017-04-11 22:17:00.425]: Peer [1002] sent have [25] message to all Peers
[2017-04-11 22:17:00.426]: Peer [1002] send request message to Peer [1003] for piece [130]
[2017-04-11 22:17:00.457]: Peer [1002] received have message from Peer [1003] for the piece [81]
[2017-04-11 22:17:00.458]: Peer [1002] sent the 'interested' message to Peer [1003]
[2017-04-11 22:17:00.458]: Peer [1002] received 'not interested' message from Peer [1003]
[2017-04-11 22:17:00.462]: Peer [1002] received 'not interested' message from Peer [1003]
[2017-04-11 22:17:00.463]: Peer [1002] has downloaded the piece [130] from Peer [1003]
[2017-04-11 22:17:00.463]: Peer [1002] sent have [130] message to all Peers
[2017-04-11 22:17:00.464]: Peer [1002] send request message to Peer [1003] for piece [1]
[2017-04-11 22:17:00.469]: Peer [1002] received 'not interested' message from Peer [1001]
[2017-04-11 22:17:00.469]: Peer [1002] received 'not interested' message from Peer [1001]
[2017-04-11 22:17:00.472]: Peer [1002] received 'not interested' message from Peer [1001]
[2017-04-11 22:17:00.472]: Peer [1002] received 'not interested' message from Peer [1001]
[2017-04-11 22:17:00.515]: Peer [1002] received 'not interested' message from Peer [1003]
[2017-04-11 22:17:00.516]: Peer [1002] received have message from Peer [1003] for the piece [14]
[2017-04-11 22:17:00.516]: Peer [1002] sent the 'interested' message to Peer [1003]
[2017-04-11 22:17:00.516]: Peer [1002] received 'not interested' message from Peer [1003]
[2017-04-11 22:17:00.527]: Peer [1002] has downloaded the piece [1] from Peer [1003]
[2017-04-11 22:17:00.527]: Peer [1002] sent have [1] message to all Peers
[2017-04-11 22:17:00.527]: Peer [1002] send request message to Peer [1003] for piece [77]
[2017-04-11 22:17:00.578]: Peer [1002] received 'not interested' message from Peer [1003]
[2017-04-11 22:17:00.579]: Peer [1002] has downloaded the piece [77] from Peer [1003]
[2017-04-11 22:17:00.579]: Peer [1002] sent have [77] message to all Peers
[2017-04-11 22:17:00.579]: Peer [1002] send request message to Peer [1003] for piece [107]
[2017-04-11 22:17:00.582]: Peer [1002] received have message from Peer [1003] for the piece [90]
[2017-04-11 22:17:00.583]: Peer [1002] sent the 'interested' message to Peer [1003]
[2017-04-11 22:17:00.583]: Peer [1002] received 'not interested' message from Peer [1003]
[2017-04-11 22:17:00.589]: Peer [1002] received 'not interested' message from Peer [1003]
[2017-04-11 22:17:00.596]: Peer [1002] has downloaded the piece [107] from Peer [1003]
[2017-04-11 22:17:00.596]: Peer [1002] sent have [107] message to all Peers
[2017-04-11 22:17:00.596]: Peer [1002] send request message to Peer [1003] for piece [68]
[2017-04-11 22:17:00.601]: Peer [1002] received 'not interested' message from Peer [1001]
[2017-04-11 22:17:00.602]: Peer [1002] received 'not interested' message from Peer [1001]
[2017-04-11 22:17:00.604]: Peer [1002] received 'not interested' message from Peer [1001]
[2017-04-11 22:17:00.611]: Peer [1002] choke Peer [1003]
[2017-04-11 22:17:00.618]: Peer [1002] received 'not interested' message from Peer [1003]
[2017-04-11 22:17:00.619]: Peer [1002] has downloaded the piece [68] from Peer [1003]
[2017-04-11 22:17:00.619]: Peer [1002] sent have [68] message to all Peers
[2017-04-11 22:17:00.62]: Peer [1002] send request message to Peer [1003] for piece [116]
[2017-04-11 22:17:00.62]: Peer [1002] received have message from Peer [1003] for the piece [58]
[2017-04-11 22:17:00.62]: Peer [1002] sent the 'interested' message to Peer [1003]
[2017-04-11 22:17:00.623]: Peer [1002] received 'not interested' message from Peer [1003]
[2017-04-11 22:17:00.633]: Peer [1002] received 'not interested' message from Peer [1003]
[2017-04-11 22:17:00.633]: Peer [1002] has downloaded the piece [116] from Peer [1003]
[2017-04-11 22:17:00.634]: Peer [1002] sent have [116] message to all Peers
[2017-04-11 22:17:00.634]: Peer [1002] send request message to Peer [1003] for piece [81]
[2017-04-11 22:17:00.658]: Peer [1002] received 'not interested' message from Peer [1003]
[2017-04-11 22:17:00.658]: Peer [1002] received have message from Peer [1003] for the piece [30]
[2017-04-11 22:17:00.659]: Peer [1002] sent the 'interested' message to Peer [1003]
[2017-04-11 22:17:00.659]: Peer [1002] has downloaded the piece [81] from Peer [1003]
[2017-04-11 22:17:00.66]: Peer [1002] sent have [81] message to all Peers
[2017-04-11 22:17:00.66]: Peer [1002] send request message to Peer [1003] for piece [92]
[2017-04-11 22:17:00.66]: Peer [1002] received 'not interested' message from Peer [1003]
[2017-04-11 22:17:00.682]: Peer [1002] received 'not interested' message from Peer [1003]
[2017-04-11 22:17:00.683]: Peer [1002] has downloaded the piece [92] from Peer [1003]
[2017-04-11 22:17:00.683]: Peer [1002] sent have [92] message to all Peers
[2017-04-11 22:17:00.684]: Peer [1002] received 'not interested' message from Peer [1001]
[2017-04-11 22:17:00.684]: Peer [1002] send request message to Peer [1003] for piece [14]
[2017-04-11 22:17:00.684]: Peer [1002] received 'not interested' message from Peer [1001]
[2017-04-11 22:17:00.684]: Peer [1002] received 'not interested' message from Peer [1001]
[2017-04-11 22:17:00.693]: Peer [1002] received 'not interested' message from Peer [1001]
[2017-04-11 22:17:00.698]: Peer [1002] received have message from Peer [1003] for the piece [22]
[2017-04-11 22:17:00.698]: Peer [1002] sent the 'interested' message to Peer [1003]
[2017-04-11 22:17:00.699]: Peer [1002] received 'not interested' message from Peer [1003]
[2017-04-11 22:17:00.701]: Peer [1002] received 'not interested' message from Peer [1003]
[2017-04-11 22:17:00.702]: Peer [1002] has downloaded the piece [14] from Peer [1003]
[2017-04-11 22:17:00.702]: Peer [1002] sent have [14] message to all Peers
[2017-04-11 22:17:00.703]: Peer [1002] send request message to Peer [1003] for piece [58]
[2017-04-11 22:17:00.713]: Peer [1002] received 'not interested' message from Peer [1003]
[2017-04-11 22:17:00.713]: Peer [1002] has downloaded the piece [58] from Peer [1003]
[2017-04-11 22:17:00.714]: Peer [1002] sent have [58] message to all Peers
[2017-04-11 22:17:00.714]: Peer [1002] send request message to Peer [1003] for piece [90]
[2017-04-11 22:17:00.732]: Peer [1002] received have message from Peer [1003] for the piece [86]
[2017-04-11 22:17:00.732]: Peer [1002] sent the 'interested' message to Peer [1003]
[2017-04-11 22:17:00.732]: Peer [1002] received 'not interested' message from Peer [1003]
[2017-04-11 22:17:00.737]: Peer [1002] received 'not interested' message from Peer [1003]
[2017-04-11 22:17:00.739]: Peer [1002] has downloaded the piece [90] from Peer [1003]
[2017-04-11 22:17:00.74]: Peer [1002] sent have [90] message to all Peers
[2017-04-11 22:17:00.741]: Peer [1002] send request message to Peer [1003] for piece [30]
[2017-04-11 22:17:00.765]: Peer [1002] received 'not interested' message from Peer [1001]
[2017-04-11 22:17:00.766]: Peer [1002] received 'not interested' message from Peer [1003]
[2017-04-11 22:17:00.766]: Peer [1002] received 'not interested' message from Peer [1001]
[2017-04-11 22:17:00.766]: Peer [1002] received 'not interested' message from Peer [1001]
[2017-04-11 22:17:00.766]: Peer [1002] has downloaded the piece [30] from Peer [1003]
[2017-04-11 22:17:00.767]: Peer [1002] sent have [30] message to all Peers
[2017-04-11 22:17:00.767]: Peer [1002] send request message to Peer [1003] for piece [86]
[2017-04-11 22:17:00.771]: Peer [1002] received have message from Peer [1003] for the piece [75]
[2017-04-11 22:17:00.772]: Peer [1002] sent the 'interested' message to Peer [1003]
[2017-04-11 22:17:00.772]: Peer [1002] received 'not interested' message from Peer [1003]
[2017-04-11 22:17:00.779]: Peer [1002] received 'not interested' message from Peer [1003]
[2017-04-11 22:17:00.78]: Peer [1002] has downloaded the piece [86] from Peer [1003]
[2017-04-11 22:17:00.78]: Peer [1002] sent have [86] message to all Peers
[2017-04-11 22:17:00.78]: Peer [1002] send request message to Peer [1003] for piece [22]
[2017-04-11 22:17:00.811]: Peer [1002] received 'not interested' message from Peer [1003]
[2017-04-11 22:17:00.812]: Peer [1002] has downloaded the piece [22] from Peer [1003]
[2017-04-11 22:17:00.812]: Peer [1002] sent have [22] message to all Peers
[2017-04-11 22:17:00.813]: Peer [1002] send request message to Peer [1003] for piece [75]
[2017-04-11 22:17:00.824]: Peer [1002] received have message from Peer [1003] for the piece [71]
[2017-04-11 22:17:00.824]: Peer [1002] sent the 'interested' message to Peer [1003]
[2017-04-11 22:17:00.824]: Peer [1002] received 'not interested' message from Peer [1003]
[2017-04-11 22:17:00.829]: Peer [1002] received 'not interested' message from Peer [1003]
[2017-04-11 22:17:00.829]: Peer [1002] has downloaded the piece [75] from Peer [1003]
[2017-04-11 22:17:00.829]: Peer [1002] sent have [75] message to all Peers
[2017-04-11 22:17:00.83]: Peer [1002] send request message to Peer [1003] for piece [71]
[2017-04-11 22:17:00.835]: Peer [1002] received 'not interested' message from Peer [1001]
[2017-04-11 22:17:00.835]: Peer [1002] received 'not interested' message from Peer [1001]
[2017-04-11 22:17:00.835]: Peer [1002] received 'not interested' message from Peer [1001]
[2017-04-11 22:17:00.841]: Peer [1002] received 'not interested' message from Peer [1001]
[2017-04-11 22:17:00.845]: Peer [1002] received 'not interested' message from Peer [1003]
[2017-04-11 22:17:00.846]: Peer [1002] has downloaded the piece [71] from Peer [1003]
[2017-04-11 22:17:00.846]: Peer [1002] sent have [71] message to all Peers
[2017-04-11 22:17:00.846]: Peer [1002] sent the 'not intereted' message to Peer [1003]
[2017-04-11 22:17:00.85]: Peer [1002] received have message from Peer [1003] for the piece [47]
[2017-04-11 22:17:00.85]: Peer [1002] sent the 'interested' message to Peer [1003]
[2017-04-11 22:17:00.851]: Peer [1002] received 'not interested' message from Peer [1003]
[2017-04-11 22:17:00.859]: Peer [1002] received 'not interested' message from Peer [1003]
[2017-04-11 22:17:00.879]: Peer [1002] received have message from Peer [1003] for the piece [28]
[2017-04-11 22:17:00.879]: Peer [1002] sent the 'interested' message to Peer [1003]
[2017-04-11 22:17:00.879]: Peer [1002] received 'not interested' message from Peer [1003]
[2017-04-11 22:17:00.908]: Peer [1002] received 'not interested' message from Peer [1001]
[2017-04-11 22:17:00.92]: Peer [1002] received have message from Peer [1003] for the piece [27]
[2017-04-11 22:17:00.92]: Peer [1002] sent the 'interested' message to Peer [1003]
[2017-04-11 22:17:00.921]: Peer [1002] received 'not interested' message from Peer [1003]
[2017-04-11 22:17:00.966]: Peer [1002] received have message from Peer [1003] for the piece [10]
[2017-04-11 22:17:00.966]: Peer [1002] sent the 'interested' message to Peer [1003]
[2017-04-11 22:17:00.967]: Peer [1002] received 'not interested' message from Peer [1003]
[2017-04-11 22:17:01.024]: Peer [1002] received have message from Peer [1003] for the piece [128]
[2017-04-11 22:17:01.024]: Peer [1002] sent the 'interested' message to Peer [1003]
[2017-04-11 22:17:01.025]: Peer [1002] received 'not interested' message from Peer [1003]
[2017-04-11 22:17:01.079]: Peer [1002] received have message from Peer [1003] for the piece [42]
[2017-04-11 22:17:01.08]: Peer [1002] sent the 'interested' message to Peer [1003]
[2017-04-11 22:17:01.08]: Peer [1002] received 'not interested' message from Peer [1003]
[2017-04-11 22:17:01.14]: Peer [1002] received have message from Peer [1003] for the piece [18]
[2017-04-11 22:17:01.14]: Peer [1002] sent the 'interested' message to Peer [1003]
[2017-04-11 22:17:01.141]: Peer [1002] received 'not interested' message from Peer [1003]
[2017-04-11 22:17:01.2]: Peer [1002] received have message from Peer [1003] for the piece [78]
[2017-04-11 22:17:01.2]: Peer [1002] sent the 'interested' message to Peer [1003]
[2017-04-11 22:17:01.201]: Peer [1002] received 'not interested' message from Peer [1003]
[2017-04-11 22:17:01.24]: Peer [1002] received have message from Peer [1003] for the piece [19]
[2017-04-11 22:17:01.24]: Peer [1002] sent the 'interested' message to Peer [1003]
[2017-04-11 22:17:01.241]: Peer [1002] received 'not interested' message from Peer [1003]
[2017-04-11 22:17:01.308]: Peer [1002] received have message from Peer [1003] for the piece [74]
[2017-04-11 22:17:01.308]: Peer [1002] sent the 'interested' message to Peer [1003]
[2017-04-11 22:17:01.309]: Peer [1002] received 'not interested' message from Peer [1003]
[2017-04-11 22:17:01.361]: Peer [1002] received have message from Peer [1003] for the piece [80]
[2017-04-11 22:17:01.362]: Peer [1002] sent the 'interested' message to Peer [1003]
[2017-04-11 22:17:01.363]: Peer [1002] received 'not interested' message from Peer [1003]
[2017-04-11 22:17:01.401]: Peer [1002] received have message from Peer [1003] for the piece [34]
[2017-04-11 22:17:01.401]: Peer [1002] sent the 'interested' message to Peer [1003]
[2017-04-11 22:17:01.402]: Peer [1002] received 'not interested' message from Peer [1003]
[2017-04-11 22:17:01.449]: Peer [1002] received have message from Peer [1003] for the piece [100]
[2017-04-11 22:17:01.449]: Peer [1002] sent the 'interested' message to Peer [1003]
[2017-04-11 22:17:01.45]: Peer [1002] received 'not interested' message from Peer [1003]
[2017-04-11 22:17:01.487]: Peer [1002] received have message from Peer [1003] for the piece [55]
[2017-04-11 22:17:01.487]: Peer [1002] sent the 'interested' message to Peer [1003]
[2017-04-11 22:17:01.488]: Peer [1002] received 'not interested' message from Peer [1003]
[2017-04-11 22:17:01.527]: Peer [1002] received have message from Peer [1003] for the piece [101]
[2017-04-11 22:17:01.527]: Peer [1002] sent the 'interested' message to Peer [1003]
[2017-04-11 22:17:01.528]: Peer [1002] received 'not interested' message from Peer [1003]
[2017-04-11 22:17:01.576]: Peer [1002] received have message from Peer [1003] for the piece [119]
[2017-04-11 22:17:01.576]: Peer [1002] is unchoked by Peer [1001]
[2017-04-11 22:17:01.576]: Peer [1002] sent the 'interested' message to Peer [1003]
[2017-04-11 22:17:01.577]: Peer [1002] send request message to Peer [1001] for piece [95]
[2017-04-11 22:17:01.577]: Peer [1002] received 'not interested' message from Peer [1003]
[2017-04-11 22:17:01.655]: Peer [1002] has downloaded the piece [95] from Peer [1001]
[2017-04-11 22:17:01.655]: Peer [1002] sent have [95] message to all Peers
[2017-04-11 22:17:01.657]: Peer [1002] send request message to Peer [1001] for piece [125]
[2017-04-11 22:17:01.753]: Peer [1002] received 'interested' message from Peer [1003]
[2017-04-11 22:17:01.795]: Peer [1002] received 'not interested' message from Peer [1001]
[2017-04-11 22:17:01.795]: Peer [1002] has downloaded the piece [125] from Peer [1001]
[2017-04-11 22:17:01.796]: Peer [1002] sent have [125] message to all Peers
[2017-04-11 22:17:01.796]: Peer [1002] send request message to Peer [1001] for piece [57]
[2017-04-11 22:17:01.827]: Peer [1002] received 'interested' message from Peer [1003]
[2017-04-11 22:17:01.869]: Peer [1002] received 'not interested' message from Peer [1001]
[2017-04-11 22:17:01.87]: Peer [1002] has downloaded the piece [57] from Peer [1001]
[2017-04-11 22:17:01.87]: Peer [1002] sent have [57] message to all Peers
[2017-04-11 22:17:01.87]: Peer [1002] send request message to Peer [1001] for piece [11]
[2017-04-11 22:17:01.898]: Peer [1002] received 'interested' message from Peer [1003]
[2017-04-11 22:17:01.934]: Peer [1002] received 'not interested' message from Peer [1001]
[2017-04-11 22:17:01.935]: Peer [1002] has downloaded the piece [11] from Peer [1001]
[2017-04-11 22:17:01.935]: Peer [1002] sent have [11] message to all Peers
[2017-04-11 22:17:01.935]: Peer [1002] send request message to Peer [1001] for piece [38]
[2017-04-11 22:17:01.963]: Peer [1002] received 'interested' message from Peer [1003]
[2017-04-11 22:17:01.997]: Peer [1002] received 'not interested' message from Peer [1001]
[2017-04-11 22:17:01.998]: Peer [1002] has downloaded the piece [38] from Peer [1001]
[2017-04-11 22:17:01.998]: Peer [1002] sent have [38] message to all Peers
[2017-04-11 22:17:01.998]: Peer [1002] send request message to Peer [1001] for piece [29]
[2017-04-11 22:17:02.027]: Peer [1002] received 'interested' message from Peer [1003]
[2017-04-11 22:17:02.058]: Peer [1002] received 'not interested' message from Peer [1001]
[2017-04-11 22:17:02.059]: Peer [1002] has downloaded the piece [29] from Peer [1001]
[2017-04-11 22:17:02.059]: Peer [1002] sent have [29] message to all Peers
[2017-04-11 22:17:02.059]: Peer [1002] send request message to Peer [1001] for piece [110]
[2017-04-11 22:17:02.087]: Peer [1002] received 'interested' message from Peer [1003]
[2017-04-11 22:17:02.118]: Peer [1002] received 'not interested' message from Peer [1001]
[2017-04-11 22:17:02.119]: Peer [1002] has downloaded the piece [110] from Peer [1001]
[2017-04-11 22:17:02.119]: Peer [1002] sent have [110] message to all Peers
[2017-04-11 22:17:02.12]: Peer [1002] send request message to Peer [1001] for piece [113]
[2017-04-11 22:17:02.152]: Peer [1002] received 'interested' message from Peer [1003]
[2017-04-11 22:17:02.18]: Peer [1002] received 'not interested' message from Peer [1001]
[2017-04-11 22:17:02.181]: Peer [1002] has downloaded the piece [113] from Peer [1001]
[2017-04-11 22:17:02.181]: Peer [1002] sent have [113] message to all Peers
[2017-04-11 22:17:02.181]: Peer [1002] send request message to Peer [1001] for piece [97]
[2017-04-11 22:17:02.208]: Peer [1002] received 'interested' message from Peer [1003]
[2017-04-11 22:17:02.241]: Peer [1002] received 'not interested' message from Peer [1001]
[2017-04-11 22:17:02.242]: Peer [1002] has downloaded the piece [97] from Peer [1001]
[2017-04-11 22:17:02.242]: Peer [1002] sent have [97] message to all Peers
[2017-04-11 22:17:02.243]: Peer [1002] send request message to Peer [1001] for piece [109]
[2017-04-11 22:17:02.269]: Peer [1002] received 'interested' message from Peer [1003]
[2017-04-11 22:17:02.313]: Peer [1002] received 'not interested' message from Peer [1001]
[2017-04-11 22:17:02.314]: Peer [1002] has downloaded the piece [109] from Peer [1001]
[2017-04-11 22:17:02.314]: Peer [1002] sent have [109] message to all Peers
[2017-04-11 22:17:02.314]: Peer [1002] send request message to Peer [1001] for piece [20]
[2017-04-11 22:17:02.344]: Peer [1002] received 'interested' message from Peer [1003]
[2017-04-11 22:17:02.376]: Peer [1002] received 'not interested' message from Peer [1001]
[2017-04-11 22:17:02.377]: Peer [1002] has downloaded the piece [20] from Peer [1001]
[2017-04-11 22:17:02.377]: Peer [1002] sent have [20] message to all Peers
[2017-04-11 22:17:02.377]: Peer [1002] send request message to Peer [1001] for piece [34]
[2017-04-11 22:17:02.411]: Peer [1002] received 'interested' message from Peer [1003]
[2017-04-11 22:17:02.442]: Peer [1002] received 'not interested' message from Peer [1001]
[2017-04-11 22:17:02.443]: Peer [1002] has downloaded the piece [34] from Peer [1001]
[2017-04-11 22:17:02.444]: Peer [1002] sent have [34] message to all Peers
[2017-04-11 22:17:02.444]: Peer [1002] send request message to Peer [1001] for piece [117]
[2017-04-11 22:17:02.47]: Peer [1002] received 'interested' message from Peer [1003]
[2017-04-11 22:17:02.506]: Peer [1002] received 'not interested' message from Peer [1001]
[2017-04-11 22:17:02.506]: Peer [1002] has downloaded the piece [117] from Peer [1001]
[2017-04-11 22:17:02.507]: Peer [1002] sent have [117] message to all Peers
[2017-04-11 22:17:02.507]: Peer [1002] send request message to Peer [1001] for piece [41]
[2017-04-11 22:17:02.541]: Peer [1002] received 'interested' message from Peer [1003]
[2017-04-11 22:17:02.569]: Peer [1002] received 'not interested' message from Peer [1001]
[2017-04-11 22:17:02.569]: Peer [1002] has downloaded the piece [41] from Peer [1001]
[2017-04-11 22:17:02.57]: Peer [1002] sent have [41] message to all Peers
[2017-04-11 22:17:02.57]: Peer [1002] send request message to Peer [1001] for piece [36]
[2017-04-11 22:17:02.57]: Peer [1002] is choked by Peer [1001]
[2017-04-11 22:17:02.596]: Peer [1002] received 'interested' message from Peer [1003]
[2017-04-11 22:17:02.617]: Peer [1002] unchoke Peer [1003]
[2017-04-11 22:17:02.618]: Peer [1002] has the preferred neighbors [1003]
[2017-04-11 22:17:02.64]: Peer [1002] received 'not interested' message from Peer [1001]
[2017-04-11 22:17:02.641]: Peer [1002] received refuse message from Peer [1001] for the piece [36]
[2017-04-11 22:17:02.649]: Peer [1002] received have message from Peer [1003] for the piece [72]
[2017-04-11 22:17:02.649]: Peer [1002] sent the 'interested' message to Peer [1003]
[2017-04-11 22:17:02.65]: Peer [1002] received request from Peer [1003]
[2017-04-11 22:17:02.65]: Peer [1002] sent a piece to Peer [1003] which is piece 113
[2017-04-11 22:17:02.685]: Peer [1002] received have message from Peer [1003] for the piece [70]
[2017-04-11 22:17:02.686]: Peer [1002] sent the 'interested' message to Peer [1003]
[2017-04-11 22:17:02.686]: Peer [1002] received have message from Peer [1003] for the piece [113]
[2017-04-11 22:17:02.687]: Peer [1002] sent the 'interested' message to Peer [1003]
[2017-04-11 22:17:02.687]: Peer [1002] received request from Peer [1003]
[2017-04-11 22:17:02.688]: Peer [1002] sent a piece to Peer [1003] which is piece 11
[2017-04-11 22:17:02.732]: Peer [1002] received have message from Peer [1003] for the piece [98]
[2017-04-11 22:17:02.732]: Peer [1002] sent the 'interested' message to Peer [1003]
[2017-04-11 22:17:02.733]: Peer [1002] received have message from Peer [1003] for the piece [11]
[2017-04-11 22:17:02.734]: Peer [1002] sent the 'interested' message to Peer [1003]
[2017-04-11 22:17:02.734]: Peer [1002] received request from Peer [1003]
[2017-04-11 22:17:02.736]: Peer [1002] sent a piece to Peer [1003] which is piece 97
[2017-04-11 22:17:02.779]: Peer [1002] received have message from Peer [1003] for the piece [15]
[2017-04-11 22:17:02.779]: Peer [1002] sent the 'interested' message to Peer [1003]
[2017-04-11 22:17:02.78]: Peer [1002] received have message from Peer [1003] for the piece [97]
[2017-04-11 22:17:02.78]: Peer [1002] sent the 'interested' message to Peer [1003]
[2017-04-11 22:17:02.781]: Peer [1002] received request from Peer [1003]
[2017-04-11 22:17:02.782]: Peer [1002] sent a piece to Peer [1003] which is piece 110
[2017-04-11 22:17:02.82]: Peer [1002] received have message from Peer [1003] for the piece [79]
[2017-04-11 22:17:02.82]: Peer [1002] sent the 'interested' message to Peer [1003]
[2017-04-11 22:17:02.821]: Peer [1002] received have message from Peer [1003] for the piece [110]
[2017-04-11 22:17:02.821]: Peer [1002] sent the 'interested' message to Peer [1003]
[2017-04-11 22:17:02.822]: Peer [1002] received request from Peer [1003]
[2017-04-11 22:17:02.823]: Peer [1002] sent a piece to Peer [1003] which is piece 109
[2017-04-11 22:17:02.887]: Peer [1002] received have message from Peer [1003] for the piece [109]
[2017-04-11 22:17:02.887]: Peer [1002] sent the 'interested' message to Peer [1003]
[2017-04-11 22:17:02.888]: Peer [1002] received request from Peer [1003]
[2017-04-11 22:17:02.89]: Peer [1002] sent a piece to Peer [1003] which is piece 41
[2017-04-11 22:17:02.89]: Peer [1002] received have message from Peer [1003] for the piece [5]
[2017-04-11 22:17:02.89]: Peer [1002] sent the 'interested' message to Peer [1003]
[2017-04-11 22:17:02.951]: Peer [1002] received have message from Peer [1003] for the piece [41]
[2017-04-11 22:17:02.951]: Peer [1002] sent the 'interested' message to Peer [1003]
[2017-04-11 22:17:02.952]: Peer [1002] received request from Peer [1003]
[2017-04-11 22:17:02.954]: Peer [1002] sent a piece to Peer [1003] which is piece 125
[2017-04-11 22:17:02.954]: Peer [1002] received have message from Peer [1003] for the piece [31]
[2017-04-11 22:17:02.954]: Peer [1002] sent the 'interested' message to Peer [1003]
[2017-04-11 22:17:03.024]: Peer [1002] received have message from Peer [1003] for the piece [125]
[2017-04-11 22:17:03.025]: Peer [1002] sent the 'interested' message to Peer [1003]
[2017-04-11 22:17:03.026]: Peer [1002] received request from Peer [1003]
[2017-04-11 22:17:03.026]: Peer [1002] sent a piece to Peer [1003] which is piece 29
[2017-04-11 22:17:03.027]: Peer [1002] received have message from Peer [1003] for the piece [126]
[2017-04-11 22:17:03.027]: Peer [1002] sent the 'interested' message to Peer [1003]
[2017-04-11 22:17:03.162]: Peer [1002] received have message from Peer [1003] for the piece [96]
[2017-04-11 22:17:03.163]: Peer [1002] sent the 'interested' message to Peer [1003]
[2017-04-11 22:17:03.165]: Peer [1002] received have message from Peer [1003] for the piece [29]
[2017-04-11 22:17:03.165]: Peer [1002] sent the 'interested' message to Peer [1003]
[2017-04-11 22:17:03.165]: Peer [1002] received request from Peer [1003]
[2017-04-11 22:17:03.166]: Peer [1002] sent a piece to Peer [1003] which is piece 57
[2017-04-11 22:17:03.211]: Peer [1002] received have message from Peer [1003] for the piece [57]
[2017-04-11 22:17:03.211]: Peer [1002] sent the 'interested' message to Peer [1003]
[2017-04-11 22:17:03.212]: Peer [1002] received request from Peer [1003]
[2017-04-11 22:17:03.213]: Peer [1002] sent a piece to Peer [1003] which is piece 95
[2017-04-11 22:17:03.229]: Peer [1002] received have message from Peer [1003] for the piece [24]
[2017-04-11 22:17:03.229]: Peer [1002] sent the 'interested' message to Peer [1003]
[2017-04-11 22:17:03.277]: Peer [1002] received have message from Peer [1003] for the piece [95]
[2017-04-11 22:17:03.277]: Peer [1002] sent the 'interested' message to Peer [1003]
[2017-04-11 22:17:03.278]: Peer [1002] received request from Peer [1003]
[2017-04-11 22:17:03.279]: Peer [1002] sent a piece to Peer [1003] which is piece 117
[2017-04-11 22:17:03.309]: Peer [1002] received have message from Peer [1003] for the piece [38]
[2017-04-11 22:17:03.309]: Peer [1002] sent the 'interested' message to Peer [1003]
[2017-04-11 22:17:03.35]: Peer [1002] received have message from Peer [1003] for the piece [117]
[2017-04-11 22:17:03.351]: Peer [1002] sent the 'interested' message to Peer [1003]
[2017-04-11 22:17:03.352]: Peer [1002] received request from Peer [1003]
[2017-04-11 22:17:03.353]: Peer [1002] sent a piece to Peer [1003] which is piece 20
[2017-04-11 22:17:03.399]: Peer [1002] received have message from Peer [1003] for the piece [94]
[2017-04-11 22:17:03.4]: Peer [1002] sent the 'interested' message to Peer [1003]
[2017-04-11 22:17:03.4]: Peer [1002] received have message from Peer [1003] for the piece [20]
[2017-04-11 22:17:03.401]: Peer [1002] sent the 'interested' message to Peer [1003]
[2017-04-11 22:17:03.401]: Peer [1002] received 'not interested' message from Peer [1003]
[2017-04-11 22:17:03.401]: Peer [1002] received 'not interested' message from Peer [1003]
[2017-04-11 22:17:03.435]: Peer [1002] received have message from Peer [1003] for the piece [120]
[2017-04-11 22:17:03.436]: Peer [1002] sent the 'interested' message to Peer [1003]
[2017-04-11 22:17:03.436]: Peer [1002] received 'not interested' message from Peer [1003]
[2017-04-11 22:17:03.489]: Peer [1002] received have message from Peer [1003] for the piece [46]
[2017-04-11 22:17:03.49]: Peer [1002] sent the 'interested' message to Peer [1003]
[2017-04-11 22:17:03.49]: Peer [1002] received 'not interested' message from Peer [1003]
[2017-04-11 22:17:03.527]: Peer [1002] received have message from Peer [1003] for the piece [8]
[2017-04-11 22:17:03.527]: Peer [1002] sent the 'interested' message to Peer [1003]
[2017-04-11 22:17:03.528]: Peer [1002] received 'not interested' message from Peer [1003]
[2017-04-11 22:17:03.574]: Peer [1002] is unchoked by Peer [1001]
[2017-04-11 22:17:03.574]: Peer [1002] send request message to Peer [1001] for piece [19]
[2017-04-11 22:17:03.574]: Peer [1002] received have message from Peer [1003] for the piece [114]
[2017-04-11 22:17:03.575]: Peer [1002] sent the 'interested' message to Peer [1003]
[2017-04-11 22:17:03.575]: Peer [1002] received 'not interested' message from Peer [1003]
[2017-04-11 22:17:03.617]: Peer [1002] received have message from Peer [1003] for the piece [104]
[2017-04-11 22:17:03.617]: Peer [1002] sent the 'interested' message to Peer [1003]
[2017-04-11 22:17:03.618]: Peer [1002] received 'not interested' message from Peer [1003]
[2017-04-11 22:17:03.619]: Peer [1002] choke Peer [1003]
[2017-04-11 22:17:03.644]: Peer [1002] has downloaded the piece [19] from Peer [1001]
[2017-04-11 22:17:03.644]: Peer [1002] sent have [19] message to all Peers
[2017-04-11 22:17:03.645]: Peer [1002] send request message to Peer [1001] for piece [79]
[2017-04-11 22:17:03.664]: Peer [1002] received 'not interested' message from Peer [1003]
[2017-04-11 22:17:03.665]: Peer [1002] received have message from Peer [1003] for the piece [16]
[2017-04-11 22:17:03.665]: Peer [1002] sent the 'interested' message to Peer [1003]
[2017-04-11 22:17:03.668]: Peer [1002] received 'not interested' message from Peer [1003]
[2017-04-11 22:17:03.709]: Peer [1002] received 'not interested' message from Peer [1001]
[2017-04-11 22:17:03.71]: Peer [1002] has downloaded the piece [79] from Peer [1001]
[2017-04-11 22:17:03.71]: Peer [1002] sent have [79] message to all Peers
[2017-04-11 22:17:03.711]: Peer [1002] send request message to Peer [1001] for piece [28]
[2017-04-11 22:17:03.724]: Peer [1002] received have message from Peer [1003] for the piece [134]
[2017-04-11 22:17:03.724]: Peer [1002] sent the 'interested' message to Peer [1003]
[2017-04-11 22:17:03.731]: Peer [1002] received 'not interested' message from Peer [1003]
[2017-04-11 22:17:03.736]: Peer [1002] received 'not interested' message from Peer [1003]
[2017-04-11 22:17:03.77]: Peer [1002] received have message from Peer [1003] for the piece [84]
[2017-04-11 22:17:03.77]: Peer [1002] sent the 'interested' message to Peer [1003]
[2017-04-11 22:17:03.771]: Peer [1002] received 'not interested' message from Peer [1003]
[2017-04-11 22:17:03.774]: Peer [1002] received 'not interested' message from Peer [1001]
[2017-04-11 22:17:03.775]: Peer [1002] has downloaded the piece [28] from Peer [1001]
[2017-04-11 22:17:03.775]: Peer [1002] sent have [28] message to all Peers
[2017-04-11 22:17:03.775]: Peer [1002] send request message to Peer [1001] for piece [120]
[2017-04-11 22:17:03.811]: Peer [1002] received 'not interested' message from Peer [1003]
[2017-04-11 22:17:03.833]: Peer [1002] received have message from Peer [1003] for the piece [129]
[2017-04-11 22:17:03.833]: Peer [1002] sent the 'interested' message to Peer [1003]
[2017-04-11 22:17:03.833]: Peer [1002] received 'not interested' message from Peer [1003]
[2017-04-11 22:17:03.844]: Peer [1002] received 'not interested' message from Peer [1001]
[2017-04-11 22:17:03.845]: Peer [1002] has downloaded the piece [120] from Peer [1001]
[2017-04-11 22:17:03.845]: Peer [1002] sent have [120] message to all Peers
[2017-04-11 22:17:03.845]: Peer [1002] send request message to Peer [1001] for piece [16]
[2017-04-11 22:17:03.864]: Peer [1002] received 'not interested' message from Peer [1003]
[2017-04-11 22:17:03.869]: Peer [1002] received have message from Peer [1003] for the piece [54]
[2017-04-11 22:17:03.869]: Peer [1002] sent the 'interested' message to Peer [1003]
[2017-04-11 22:17:03.87]: Peer [1002] received 'not interested' message from Peer [1003]
[2017-04-11 22:17:03.913]: Peer [1002] received have message from Peer [1003] for the piece [122]
[2017-04-11 22:17:03.913]: Peer [1002] sent the 'interested' message to Peer [1003]
[2017-04-11 22:17:03.914]: Peer [1002] received 'not interested' message from Peer [1003]
[2017-04-11 22:17:03.914]: Peer [1002] received 'not interested' message from Peer [1001]
[2017-04-11 22:17:03.915]: Peer [1002] has downloaded the piece [16] from Peer [1001]
[2017-04-11 22:17:03.915]: Peer [1002] sent have [16] message to all Peers
[2017-04-11 22:17:03.915]: Peer [1002] send request message to Peer [1001] for piece [50]
[2017-04-11 22:17:03.955]: Peer [1002] received 'not interested' message from Peer [1003]
[2017-04-11 22:17:03.955]: Peer [1002] received have message from Peer [1003] for the piece [63]
[2017-04-11 22:17:03.956]: Peer [1002] sent the 'interested' message to Peer [1003]
[2017-04-11 22:17:03.956]: Peer [1002] received 'not interested' message from Peer [1003]
[2017-04-11 22:17:03.983]: Peer [1002] received 'not interested' message from Peer [1001]
[2017-04-11 22:17:03.984]: Peer [1002] has downloaded the piece [50] from Peer [1001]
[2017-04-11 22:17:03.984]: Peer [1002] sent have [50] message to all Peers
[2017-04-11 22:17:03.985]: Peer [1002] send request message to Peer [1001] for piece [45]
[2017-04-11 22:17:04.007]: Peer [1002] received 'interested' message from Peer [1003]
[2017-04-11 22:17:04.007]: Peer [1002] received have message from Peer [1003] for the piece [99]
[2017-04-11 22:17:04.008]: Peer [1002] sent the 'interested' message to Peer [1003]
[2017-04-11 22:17:04.043]: Peer [1002] received have message from Peer [1003] for the piece [12]
[2017-04-11 22:17:04.043]: Peer [1002] sent the 'interested' message to Peer [1003]
[2017-04-11 22:17:04.063]: Peer [1002] received 'not interested' message from Peer [1001]
[2017-04-11 22:17:04.063]: Peer [1002] has downloaded the piece [45] from Peer [1001]
[2017-04-11 22:17:04.064]: Peer [1002] sent have [45] message to all Peers
[2017-04-11 22:17:04.064]: Peer [1002] send request message to Peer [1001] for piece [119]
[2017-04-11 22:17:04.082]: Peer [1002] received have message from Peer [1003] for the piece [7]
[2017-04-11 22:17:04.082]: Peer [1002] sent the 'interested' message to Peer [1003]
[2017-04-11 22:17:04.092]: Peer [1002] received 'interested' message from Peer [1003]
[2017-04-11 22:17:04.128]: Peer [1002] received 'not interested' message from Peer [1001]
[2017-04-11 22:17:04.128]: Peer [1002] has downloaded the piece [119] from Peer [1001]
[2017-04-11 22:17:04.128]: Peer [1002] sent have [119] message to all Peers
[2017-04-11 22:17:04.129]: Peer [1002] send request message to Peer [1001] for piece [98]
[2017-04-11 22:17:04.129]: Peer [1002] received have message from Peer [1003] for the piece [106]
[2017-04-11 22:17:04.129]: Peer [1002] sent the 'interested' message to Peer [1003]
[2017-04-11 22:17:04.144]: Peer [1002] received 'interested' message from Peer [1003]
[2017-04-11 22:17:04.168]: Peer [1002] received have message from Peer [1003] for the piece [59]
[2017-04-11 22:17:04.169]: Peer [1002] sent the 'interested' message to Peer [1003]
[2017-04-11 22:17:04.192]: Peer [1002] received 'not interested' message from Peer [1001]
[2017-04-11 22:17:04.193]: Peer [1002] has downloaded the piece [98] from Peer [1001]
[2017-04-11 22:17:04.193]: Peer [1002] sent have [98] message to all Peers
[2017-04-11 22:17:04.194]: Peer [1002] send request message to Peer [1001] for piece [72]
[2017-04-11 22:17:04.202]: Peer [1002] received have message from Peer [1003] for the piece [108]
[2017-04-11 22:17:04.202]: Peer [1002] sent the 'interested' message to Peer [1003]
[2017-04-11 22:17:04.216]: Peer [1002] received 'interested' message from Peer [1003]
[2017-04-11 22:17:04.242]: Peer [1002] received have message from Peer [1003] for the piece [83]
[2017-04-11 22:17:04.243]: Peer [1002] sent the 'interested' message to Peer [1003]
[2017-04-11 22:17:04.253]: Peer [1002] received 'not interested' message from Peer [1001]
[2017-04-11 22:17:04.254]: Peer [1002] has downloaded the piece [72] from Peer [1001]
[2017-04-11 22:17:04.254]: Peer [1002] sent have [72] message to all Peers
[2017-04-11 22:17:04.254]: Peer [1002] send request message to Peer [1001] for piece [7]
[2017-04-11 22:17:04.33]: Peer [1002] received 'not interested' message from Peer [1001]
[2017-04-11 22:17:04.331]: Peer [1002] has downloaded the piece [7] from Peer [1001]
[2017-04-11 22:17:04.332]: Peer [1002] sent have [7] message to all Peers
[2017-04-11 22:17:04.332]: Peer [1002] send request message to Peer [1001] for piece [24]
[2017-04-11 22:17:04.334]: Peer [1002] received 'interested' message from Peer [1003]
[2017-04-11 22:17:04.334]: Peer [1002] received have message from Peer [1003] for the piece [32]
[2017-04-11 22:17:04.334]: Peer [1002] sent the 'interested' message to Peer [1003]
[2017-04-11 22:17:04.361]: Peer [1002] received 'interested' message from Peer [1003]
[2017-04-11 22:17:04.383]: Peer [1002] received have message from Peer [1003] for the piece [93]
[2017-04-11 22:17:04.384]: Peer [1002] sent the 'interested' message to Peer [1003]
[2017-04-11 22:17:04.397]: Peer [1002] received 'not interested' message from Peer [1001]
[2017-04-11 22:17:04.397]: Peer [1002] has downloaded the piece [24] from Peer [1001]
[2017-04-11 22:17:04.397]: Peer [1002] sent have [24] message to all Peers
[2017-04-11 22:17:04.398]: Peer [1002] send request message to Peer [1001] for piece [114]
[2017-04-11 22:17:04.416]: Peer [1002] received 'interested' message from Peer [1003]
[2017-04-11 22:17:04.42]: Peer [1002] received have message from Peer [1003] for the piece [67]
[2017-04-11 22:17:04.42]: Peer [1002] sent the 'interested' message to Peer [1003]
[2017-04-11 22:17:04.457]: Peer [1002] received have message from Peer [1003] for the piece [60]
[2017-04-11 22:17:04.457]: Peer [1002] sent the 'interested' message to Peer [1003]
[2017-04-11 22:17:04.46]: Peer [1002] received 'not interested' message from Peer [1001]
[2017-04-11 22:17:04.46]: Peer [1002] has downloaded the piece [114] from Peer [1001]
[2017-04-11 22:17:04.46]: Peer [1002] sent have [114] message to all Peers
[2017-04-11 22:17:04.461]: Peer [1002] send request message to Peer [1001] for piece [129]
[2017-04-11 22:17:04.485]: Peer [1002] received 'interested' message from Peer [1003]
[2017-04-11 22:17:04.499]: Peer [1002] received have message from Peer [1003] for the piece [62]
[2017-04-11 22:17:04.499]: Peer [1002] sent the 'interested' message to Peer [1003]
[2017-04-11 22:17:04.529]: Peer [1002] received 'not interested' message from Peer [1001]
[2017-04-11 22:17:04.53]: Peer [1002] has downloaded the piece [129] from Peer [1001]
[2017-04-11 22:17:04.53]: Peer [1002] sent have [129] message to all Peers
[2017-04-11 22:17:04.53]: Peer [1002] send request message to Peer [1001] for piece [78]
[2017-04-11 22:17:04.536]: Peer [1002] received have message from Peer [1003] for the piece [69]
[2017-04-11 22:17:04.537]: Peer [1002] sent the 'interested' message to Peer [1003]
[2017-04-11 22:17:04.545]: Peer [1002] received 'interested' message from Peer [1003]
[2017-04-11 22:17:04.581]: Peer [1002] received have message from Peer [1003] for the piece [0]
[2017-04-11 22:17:04.581]: Peer [1002] sent the 'interested' message to Peer [1003]
[2017-04-11 22:17:04.596]: Peer [1002] received 'not interested' message from Peer [1001]
[2017-04-11 22:17:04.597]: Peer [1002] has downloaded the piece [78] from Peer [1001]
[2017-04-11 22:17:04.597]: Peer [1002] sent have [78] message to all Peers
[2017-04-11 22:17:04.598]: Peer [1002] send request message to Peer [1001] for piece [106]
[2017-04-11 22:17:04.616]: Peer [1002] received have message from Peer [1003] for the piece [123]
[2017-04-11 22:17:04.616]: Peer [1002] sent the 'interested' message to Peer [1003]
[2017-04-11 22:17:04.622]: Peer [1002] received 'interested' message from Peer [1003]
[2017-04-11 22:17:04.622]: Peer [1002] unchoke Peer [1003]
[2017-04-11 22:17:04.623]: Peer [1002] has the preferred neighbors [1003]
[2017-04-11 22:17:04.64]: Peer [1002] received request from Peer [1003]
[2017-04-11 22:17:04.642]: Peer [1002] sent a piece to Peer [1003] which is piece 50
[2017-04-11 22:17:04.653]: Peer [1002] received have message from Peer [1003] for the piece [23]
[2017-04-11 22:17:04.654]: Peer [1002] sent the 'interested' message to Peer [1003]
[2017-04-11 22:17:04.662]: Peer [1002] received have message from Peer [1003] for the piece [50]
[2017-04-11 22:17:04.662]: Peer [1002] sent the 'interested' message to Peer [1003]
[2017-04-11 22:17:04.663]: Peer [1002] received request from Peer [1003]
[2017-04-11 22:17:04.664]: Peer [1002] sent a piece to Peer [1003] which is piece 45
[2017-04-11 22:17:04.669]: Peer [1002] received 'not interested' message from Peer [1001]
[2017-04-11 22:17:04.669]: Peer [1002] has downloaded the piece [106] from Peer [1001]
[2017-04-11 22:17:04.669]: Peer [1002] sent have [106] message to all Peers
[2017-04-11 22:17:04.67]: Peer [1002] send request message to Peer [1001] for piece [23]
[2017-04-11 22:17:04.681]: Peer [1002] received have message from Peer [1003] for the piece [45]
[2017-04-11 22:17:04.681]: Peer [1002] sent the 'interested' message to Peer [1003]
[2017-04-11 22:17:04.681]: Peer [1002] received 'not interested' message from Peer [1003]
[2017-04-11 22:17:04.681]: Peer [1002] received have message from Peer [1003] for the piece [102]
[2017-04-11 22:17:04.682]: Peer [1002] sent the 'interested' message to Peer [1003]
[2017-04-11 22:17:04.683]: Peer [1002] received 'not interested' message from Peer [1003]
[2017-04-11 22:17:04.684]: Peer [1002] received 'not interested' message from Peer [1003]
[2017-04-11 22:17:04.724]: Peer [1002] received have message from Peer [1003] for the piece [89]
[2017-04-11 22:17:04.724]: Peer [1002] sent the 'interested' message to Peer [1003]
[2017-04-11 22:17:04.725]: Peer [1002] received 'not interested' message from Peer [1003]
[2017-04-11 22:17:04.741]: Peer [1002] received 'not interested' message from Peer [1001]
[2017-04-11 22:17:04.742]: Peer [1002] has downloaded the piece [23] from Peer [1001]
[2017-04-11 22:17:04.742]: Peer [1002] sent have [23] message to all Peers
[2017-04-11 22:17:04.742]: Peer [1002] send request message to Peer [1001] for piece [64]
[2017-04-11 22:17:04.769]: Peer [1002] received 'not interested' message from Peer [1003]
[2017-04-11 22:17:04.772]: Peer [1002] received have message from Peer [1003] for the piece [17]
[2017-04-11 22:17:04.772]: Peer [1002] sent the 'interested' message to Peer [1003]
[2017-04-11 22:17:04.777]: Peer [1002] received 'not interested' message from Peer [1003]
[2017-04-11 22:17:04.808]: Peer [1002] received 'not interested' message from Peer [1001]
[2017-04-11 22:17:04.809]: Peer [1002] has downloaded the piece [64] from Peer [1001]
[2017-04-11 22:17:04.809]: Peer [1002] sent have [64] message to all Peers
[2017-04-11 22:17:04.81]: Peer [1002] send request message to Peer [1001] for piece [100]
[2017-04-11 22:17:04.819]: Peer [1002] received have message from Peer [1003] for the piece [52]
[2017-04-11 22:17:04.819]: Peer [1002] sent the 'interested' message to Peer [1003]
[2017-04-11 22:17:04.82]: Peer [1002] received 'not interested' message from Peer [1003]
[2017-04-11 22:17:04.829]: Peer [1002] received 'interested' message from Peer [1003]
[2017-04-11 22:17:04.854]: Peer [1002] received have message from Peer [1003] for the piece [33]
[2017-04-11 22:17:04.854]: Peer [1002] sent the 'interested' message to Peer [1003]
[2017-04-11 22:17:04.876]: Peer [1002] received 'not interested' message from Peer [1001]
[2017-04-11 22:17:04.877]: Peer [1002] has downloaded the piece [100] from Peer [1001]
[2017-04-11 22:17:04.877]: Peer [1002] sent have [100] message to all Peers
[2017-04-11 22:17:04.878]: Peer [1002] send request message to Peer [1001] for piece [42]
[2017-04-11 22:17:04.884]: Peer [1002] received have message from Peer [1003] for the piece [82]
[2017-04-11 22:17:04.884]: Peer [1002] sent the 'interested' message to Peer [1003]
[2017-04-11 22:17:04.897]: Peer [1002] received 'interested' message from Peer [1003]
[2017-04-11 22:17:04.929]: Peer [1002] received have message from Peer [1003] for the piece [132]
[2017-04-11 22:17:04.929]: Peer [1002] sent the 'interested' message to Peer [1003]
[2017-04-11 22:17:04.942]: Peer [1002] received 'not interested' message from Peer [1001]
[2017-04-11 22:17:04.943]: Peer [1002] has downloaded the piece [42] from Peer [1001]
[2017-04-11 22:17:04.943]: Peer [1002] sent have [42] message to all Peers
[2017-04-11 22:17:04.944]: Peer [1002] send request message to Peer [1001] for piece [9]
[2017-04-11 22:17:04.961]: Peer [1002] received 'interested' message from Peer [1003]
[2017-04-11 22:17:04.964]: Peer [1002] received have message from Peer [1003] for the piece [2]
[2017-04-11 22:17:04.964]: Peer [1002] sent the 'interested' message to Peer [1003]
[2017-04-11 22:17:05.005]: Peer [1002] received have message from Peer [1003] for the piece [73]
[2017-04-11 22:17:05.005]: Peer [1002] received 'not interested' message from Peer [1001]
[2017-04-11 22:17:05.005]: Peer [1002] sent the 'interested' message to Peer [1003]
[2017-04-11 22:17:05.006]: Peer [1002] has downloaded the piece [9] from Peer [1001]
[2017-04-11 22:17:05.006]: Peer [1002] sent have [9] message to all Peers
[2017-04-11 22:17:05.006]: Peer [1002] send request message to Peer [1001] for piece [94]
[2017-04-11 22:17:05.035]: Peer [1002] received 'interested' message from Peer [1003]
[2017-04-11 22:17:05.038]: Peer [1002] received have message from Peer [1003] for the piece [53]
[2017-04-11 22:17:05.039]: Peer [1002] sent the 'interested' message to Peer [1003]
[2017-04-11 22:17:05.074]: Peer [1002] received 'not interested' message from Peer [1001]
[2017-04-11 22:17:05.075]: Peer [1002] has downloaded the piece [94] from Peer [1001]
[2017-04-11 22:17:05.075]: Peer [1002] sent have [94] message to all Peers
[2017-04-11 22:17:05.075]: Peer [1002] send request message to Peer [1001] for piece [53]
[2017-04-11 22:17:05.086]: Peer [1002] received have message from Peer [1003] for the piece [115]
[2017-04-11 22:17:05.086]: Peer [1002] sent the 'interested' message to Peer [1003]
[2017-04-11 22:17:05.095]: Peer [1002] received 'interested' message from Peer [1003]
[2017-04-11 22:17:05.138]: Peer [1002] received have message from Peer [1003] for the piece [64]
[2017-04-11 22:17:05.139]: Peer [1002] sent the 'interested' message to Peer [1003]
[2017-04-11 22:17:05.139]: Peer [1002] received 'not interested' message from Peer [1001]
[2017-04-11 22:17:05.139]: Peer [1002] has downloaded the piece [53] from Peer [1001]
[2017-04-11 22:17:05.139]: Peer [1002] sent have [53] message to all Peers
[2017-04-11 22:17:05.14]: Peer [1002] send request message to Peer [1001] for piece [112]
[2017-04-11 22:17:05.175]: Peer [1002] received 'interested' message from Peer [1003]
[2017-04-11 22:17:05.175]: Peer [1002] received have message from Peer [1003] for the piece [3]
[2017-04-11 22:17:05.175]: Peer [1002] sent the 'interested' message to Peer [1003]
[2017-04-11 22:17:05.203]: Peer [1002] received 'not interested' message from Peer [1001]
[2017-04-11 22:17:05.203]: Peer [1002] has downloaded the piece [112] from Peer [1001]
[2017-04-11 22:17:05.203]: Peer [1002] sent have [112] message to all Peers
[2017-04-11 22:17:05.204]: Peer [1002] send request message to Peer [1001] for piece [15]
[2017-04-11 22:17:05.221]: Peer [1002] received have message from Peer [1003] for the piece [36]
[2017-04-11 22:17:05.222]: Peer [1002] sent the 'interested' message to Peer [1003]
[2017-04-11 22:17:05.225]: Peer [1002] received 'interested' message from Peer [1003]
[2017-04-11 22:17:05.276]: Peer [1002] received 'not interested' message from Peer [1001]
[2017-04-11 22:17:05.277]: Peer [1002] received have message from Peer [1003] for the piece [87]
[2017-04-11 22:17:05.278]: Peer [1002] sent the 'interested' message to Peer [1003]
[2017-04-11 22:17:05.278]: Peer [1002] has downloaded the piece [15] from Peer [1001]
[2017-04-11 22:17:05.278]: Peer [1002] sent have [15] message to all Peers
[2017-04-11 22:17:05.279]: Peer [1002] send request message to Peer [1001] for piece [96]
[2017-04-11 22:17:05.307]: Peer [1002] received 'interested' message from Peer [1003]
[2017-04-11 22:17:05.31]: Peer [1002] received have message from Peer [1003] for the piece [112]
[2017-04-11 22:17:05.311]: Peer [1002] sent the 'interested' message to Peer [1003]
[2017-04-11 22:17:05.344]: Peer [1002] received 'not interested' message from Peer [1001]
[2017-04-11 22:17:05.345]: Peer [1002] has downloaded the piece [96] from Peer [1001]
[2017-04-11 22:17:05.345]: Peer [1002] sent have [96] message to all Peers
[2017-04-11 22:17:05.345]: Peer [1002] send request message to Peer [1001] for piece [17]
[2017-04-11 22:17:05.35]: Peer [1002] received have message from Peer [1003] for the piece [88]
[2017-04-11 22:17:05.35]: Peer [1002] sent the 'interested' message to Peer [1003]
[2017-04-11 22:17:05.358]: Peer [1002] received 'interested' message from Peer [1003]
[2017-04-11 22:17:05.394]: Peer [1002] received have message from Peer [1003] for the piece [121]
[2017-04-11 22:17:05.394]: Peer [1002] sent the 'interested' message to Peer [1003]
[2017-04-11 22:17:05.407]: Peer [1002] received 'not interested' message from Peer [1001]
[2017-04-11 22:17:05.408]: Peer [1002] has downloaded the piece [17] from Peer [1001]
[2017-04-11 22:17:05.408]: Peer [1002] sent have [17] message to all Peers
[2017-04-11 22:17:05.409]: Peer [1002] send request message to Peer [1001] for piece [134]
[2017-04-11 22:17:05.427]: Peer [1002] received 'interested' message from Peer [1003]
[2017-04-11 22:17:05.443]: Peer [1002] received have message from Peer [1003] for the piece [9]
[2017-04-11 22:17:05.443]: Peer [1002] sent the 'interested' message to Peer [1003]
[2017-04-11 22:17:05.444]: Peer [1002] received 'not interested' message from Peer [1003]
[2017-04-11 22:17:05.473]: Peer [1002] received 'not interested' message from Peer [1001]
[2017-04-11 22:17:05.473]: Peer [1002] has downloaded the piece [134] from Peer [1001]
[2017-04-11 22:17:05.473]: Peer [1002] sent have [134] message to all Peers
[2017-04-11 22:17:05.474]: Peer [1002] send request message to Peer [1001] for piece [84]
[2017-04-11 22:17:05.477]: Peer [1002] received complete message from Peer [1003]
[2017-04-11 22:17:05.494]: Peer [1002] received 'not interested' message from Peer [1003]
[2017-04-11 22:17:05.535]: Peer [1002] received 'not interested' message from Peer [1001]
[2017-04-11 22:17:05.535]: Peer [1002] has downloaded the piece [84] from Peer [1001]
[2017-04-11 22:17:05.535]: Peer [1002] sent have [84] message to all Peers
[2017-04-11 22:17:05.536]: Peer [1002] send request message to Peer [1001] for piece [46]
[2017-04-11 22:17:05.565]: Peer [1002] received 'not interested' message from Peer [1003]
[2017-04-11 22:17:05.596]: Peer [1002] received 'not interested' message from Peer [1001]
[2017-04-11 22:17:05.597]: Peer [1002] has downloaded the piece [46] from Peer [1001]
[2017-04-11 22:17:05.597]: Peer [1002] sent have [46] message to all Peers
[2017-04-11 22:17:05.597]: Peer [1002] send request message to Peer [1001] for piece [123]
[2017-04-11 22:17:05.623]: Peer [1002] choke Peer [1003]
[2017-04-11 22:17:05.626]: Peer [1002] received 'not interested' message from Peer [1003]
[2017-04-11 22:17:05.716]: Peer [1002] received 'not interested' message from Peer [1001]
[2017-04-11 22:17:05.716]: Peer [1002] has downloaded the piece [123] from Peer [1001]
[2017-04-11 22:17:05.717]: Peer [1002] sent have [123] message to all Peers
[2017-04-11 22:17:05.718]: Peer [1002] send request message to Peer [1001] for piece [88]
[2017-04-11 22:17:05.748]: Peer [1002] received 'not interested' message from Peer [1003]
[2017-04-11 22:17:05.779]: Peer [1002] received 'not interested' message from Peer [1001]
[2017-04-11 22:17:05.779]: Peer [1002] has downloaded the piece [88] from Peer [1001]
[2017-04-11 22:17:05.779]: Peer [1002] sent have [88] message to all Peers
[2017-04-11 22:17:05.78]: Peer [1002] send request message to Peer [1001] for piece [5]
[2017-04-11 22:17:05.809]: Peer [1002] received 'not interested' message from Peer [1003]
[2017-04-11 22:17:05.846]: Peer [1002] received 'not interested' message from Peer [1001]
[2017-04-11 22:17:05.847]: Peer [1002] has downloaded the piece [5] from Peer [1001]
[2017-04-11 22:17:05.847]: Peer [1002] sent have [5] message to all Peers
[2017-04-11 22:17:05.848]: Peer [1002] send request message to Peer [1001] for piece [70]
[2017-04-11 22:17:05.887]: Peer [1002] received 'not interested' message from Peer [1003]
[2017-04-11 22:17:05.909]: Peer [1002] received 'not interested' message from Peer [1001]
[2017-04-11 22:17:05.91]: Peer [1002] has downloaded the piece [70] from Peer [1001]
[2017-04-11 22:17:05.91]: Peer [1002] sent have [70] message to all Peers
[2017-04-11 22:17:05.91]: Peer [1002] send request message to Peer [1001] for piece [62]
[2017-04-11 22:17:05.94]: Peer [1002] received 'not interested' message from Peer [1003]
[2017-04-11 22:17:05.971]: Peer [1002] received 'not interested' message from Peer [1001]
[2017-04-11 22:17:05.972]: Peer [1002] has downloaded the piece [62] from Peer [1001]
[2017-04-11 22:17:05.972]: Peer [1002] sent have [62] message to all Peers
[2017-04-11 22:17:05.972]: Peer [1002] send request message to Peer [1001] for piece [132]
[2017-04-11 22:17:05.998]: Peer [1002] received 'not interested' message from Peer [1003]
[2017-04-11 22:17:06.041]: Peer [1002] received 'not interested' message from Peer [1001]
[2017-04-11 22:17:06.042]: Peer [1002] has downloaded the piece [132] from Peer [1001]
[2017-04-11 22:17:06.042]: Peer [1002] sent have [132] message to all Peers
[2017-04-11 22:17:06.042]: Peer [1002] send request message to Peer [1001] for piece [31]
[2017-04-11 22:17:06.076]: Peer [1002] received 'not interested' message from Peer [1003]
[2017-04-11 22:17:06.108]: Peer [1002] received 'not interested' message from Peer [1001]
[2017-04-11 22:17:06.108]: Peer [1002] has downloaded the piece [31] from Peer [1001]
[2017-04-11 22:17:06.108]: Peer [1002] sent have [31] message to all Peers
[2017-04-11 22:17:06.109]: Peer [1002] send request message to Peer [1001] for piece [63]
[2017-04-11 22:17:06.225]: Peer [1002] received 'not interested' message from Peer [1003]
[2017-04-11 22:17:06.23]: Peer [1002] received 'not interested' message from Peer [1001]
[2017-04-11 22:17:06.231]: Peer [1002] has downloaded the piece [63] from Peer [1001]
[2017-04-11 22:17:06.231]: Peer [1002] sent have [63] message to all Peers
[2017-04-11 22:17:06.231]: Peer [1002] send request message to Peer [1001] for piece [8]
[2017-04-11 22:17:06.267]: Peer [1002] received 'not interested' message from Peer [1003]
[2017-04-11 22:17:06.303]: Peer [1002] received 'not interested' message from Peer [1001]
[2017-04-11 22:17:06.303]: Peer [1002] has downloaded the piece [8] from Peer [1001]
[2017-04-11 22:17:06.303]: Peer [1002] sent have [8] message to all Peers
[2017-04-11 22:17:06.304]: Peer [1002] send request message to Peer [1001] for piece [101]
[2017-04-11 22:17:06.331]: Peer [1002] received 'not interested' message from Peer [1003]
[2017-04-11 22:17:06.375]: Peer [1002] received 'not interested' message from Peer [1001]
[2017-04-11 22:17:06.376]: Peer [1002] has downloaded the piece [101] from Peer [1001]
[2017-04-11 22:17:06.376]: Peer [1002] sent have [101] message to all Peers
[2017-04-11 22:17:06.376]: Peer [1002] send request message to Peer [1001] for piece [108]
[2017-04-11 22:17:06.401]: Peer [1002] received 'not interested' message from Peer [1003]
[2017-04-11 22:17:06.439]: Peer [1002] received 'not interested' message from Peer [1001]
[2017-04-11 22:17:06.439]: Peer [1002] has downloaded the piece [108] from Peer [1001]
[2017-04-11 22:17:06.44]: Peer [1002] sent have [108] message to all Peers
[2017-04-11 22:17:06.44]: Peer [1002] send request message to Peer [1001] for piece [2]
[2017-04-11 22:17:06.473]: Peer [1002] received 'not interested' message from Peer [1003]
[2017-04-11 22:17:06.504]: Peer [1002] received 'not interested' message from Peer [1001]
[2017-04-11 22:17:06.505]: Peer [1002] has downloaded the piece [2] from Peer [1001]
[2017-04-11 22:17:06.505]: Peer [1002] sent have [2] message to all Peers
[2017-04-11 22:17:06.506]: Peer [1002] send request message to Peer [1001] for piece [73]
[2017-04-11 22:17:06.539]: Peer [1002] received 'not interested' message from Peer [1003]
[2017-04-11 22:17:06.566]: Peer [1002] received 'not interested' message from Peer [1001]
[2017-04-11 22:17:06.567]: Peer [1002] has downloaded the piece [73] from Peer [1001]
[2017-04-11 22:17:06.567]: Peer [1002] sent have [73] message to all Peers
[2017-04-11 22:17:06.567]: Peer [1002] send request message to Peer [1001] for piece [33]
[2017-04-11 22:17:06.593]: Peer [1002] received 'not interested' message from Peer [1003]
[2017-04-11 22:17:06.628]: Peer [1002] received 'not interested' message from Peer [1001]
[2017-04-11 22:17:06.628]: Peer [1002] has downloaded the piece [33] from Peer [1001]
[2017-04-11 22:17:06.629]: Peer [1002] sent have [33] message to all Peers
[2017-04-11 22:17:06.629]: Peer [1002] send request message to Peer [1001] for piece [104]
[2017-04-11 22:17:06.655]: Peer [1002] received 'not interested' message from Peer [1003]
[2017-04-11 22:17:06.698]: Peer [1002] received 'not interested' message from Peer [1001]
[2017-04-11 22:17:06.698]: Peer [1002] has downloaded the piece [104] from Peer [1001]
[2017-04-11 22:17:06.699]: Peer [1002] sent have [104] message to all Peers
[2017-04-11 22:17:06.699]: Peer [1002] send request message to Peer [1001] for piece [126]
[2017-04-11 22:17:06.739]: Peer [1002] received 'not interested' message from Peer [1003]
[2017-04-11 22:17:06.762]: Peer [1002] received 'not interested' message from Peer [1001]
[2017-04-11 22:17:06.762]: Peer [1002] has downloaded the piece [126] from Peer [1001]
[2017-04-11 22:17:06.762]: Peer [1002] sent have [126] message to all Peers
[2017-04-11 22:17:06.763]: Peer [1002] send request message to Peer [1001] for piece [82]
[2017-04-11 22:17:06.809]: Peer [1002] received 'not interested' message from Peer [1003]
[2017-04-11 22:17:06.832]: Peer [1002] received 'not interested' message from Peer [1001]
[2017-04-11 22:17:06.833]: Peer [1002] has downloaded the piece [82] from Peer [1001]
[2017-04-11 22:17:06.834]: Peer [1002] sent have [82] message to all Peers
[2017-04-11 22:17:06.834]: Peer [1002] send request message to Peer [1001] for piece [12]
[2017-04-11 22:17:06.869]: Peer [1002] received 'not interested' message from Peer [1003]
[2017-04-11 22:17:06.902]: Peer [1002] received 'not interested' message from Peer [1001]
[2017-04-11 22:17:06.903]: Peer [1002] has downloaded the piece [12] from Peer [1001]
[2017-04-11 22:17:06.903]: Peer [1002] sent have [12] message to all Peers
[2017-04-11 22:17:06.903]: Peer [1002] send request message to Peer [1001] for piece [128]
[2017-04-11 22:17:06.934]: Peer [1002] received 'not interested' message from Peer [1003]
[2017-04-11 22:17:06.963]: Peer [1002] received 'not interested' message from Peer [1001]
[2017-04-11 22:17:06.964]: Peer [1002] has downloaded the piece [128] from Peer [1001]
[2017-04-11 22:17:06.964]: Peer [1002] sent have [128] message to all Peers
[2017-04-11 22:17:06.964]: Peer [1002] send request message to Peer [1001] for piece [122]
[2017-04-11 22:17:06.993]: Peer [1002] received 'not interested' message from Peer [1003]
[2017-04-11 22:17:07.027]: Peer [1002] received 'not interested' message from Peer [1001]
[2017-04-11 22:17:07.027]: Peer [1002] has downloaded the piece [122] from Peer [1001]
[2017-04-11 22:17:07.027]: Peer [1002] sent have [122] message to all Peers
[2017-04-11 22:17:07.028]: Peer [1002] send request message to Peer [1001] for piece [121]
[2017-04-11 22:17:07.057]: Peer [1002] received 'not interested' message from Peer [1003]
[2017-04-11 22:17:07.097]: Peer [1002] received 'not interested' message from Peer [1001]
[2017-04-11 22:17:07.098]: Peer [1002] has downloaded the piece [121] from Peer [1001]
[2017-04-11 22:17:07.098]: Peer [1002] sent have [121] message to all Peers
[2017-04-11 22:17:07.098]: Peer [1002] send request message to Peer [1001] for piece [89]
[2017-04-11 22:17:07.124]: Peer [1002] received 'not interested' message from Peer [1003]
[2017-04-11 22:17:07.162]: Peer [1002] received 'not interested' message from Peer [1001]
[2017-04-11 22:17:07.163]: Peer [1002] has downloaded the piece [89] from Peer [1001]
[2017-04-11 22:17:07.163]: Peer [1002] sent have [89] message to all Peers
[2017-04-11 22:17:07.163]: Peer [1002] send request message to Peer [1001] for piece [80]
[2017-04-11 22:17:07.194]: Peer [1002] received 'not interested' message from Peer [1003]
[2017-04-11 22:17:07.234]: Peer [1002] received 'not interested' message from Peer [1001]
[2017-04-11 22:17:07.234]: Peer [1002] has downloaded the piece [80] from Peer [1001]
[2017-04-11 22:17:07.234]: Peer [1002] sent have [80] message to all Peers
[2017-04-11 22:17:07.235]: Peer [1002] send request message to Peer [1001] for piece [47]
[2017-04-11 22:17:07.349]: Peer [1002] received 'not interested' message from Peer [1003]
[2017-04-11 22:17:07.353]: Peer [1002] received 'not interested' message from Peer [1001]
[2017-04-11 22:17:07.353]: Peer [1002] has downloaded the piece [47] from Peer [1001]
[2017-04-11 22:17:07.353]: Peer [1002] sent have [47] message to all Peers
[2017-04-11 22:17:07.354]: Peer [1002] send request message to Peer [1001] for piece [3]
[2017-04-11 22:17:07.379]: Peer [1002] received 'not interested' message from Peer [1003]
[2017-04-11 22:17:07.434]: Peer [1002] received 'not interested' message from Peer [1001]
[2017-04-11 22:17:07.435]: Peer [1002] has downloaded the piece [3] from Peer [1001]
[2017-04-11 22:17:07.435]: Peer [1002] sent have [3] message to all Peers
[2017-04-11 22:17:07.436]: Peer [1002] send request message to Peer [1001] for piece [87]
[2017-04-11 22:17:07.464]: Peer [1002] received 'not interested' message from Peer [1003]
[2017-04-11 22:17:07.498]: Peer [1002] received 'not interested' message from Peer [1001]
[2017-04-11 22:17:07.499]: Peer [1002] has downloaded the piece [87] from Peer [1001]
[2017-04-11 22:17:07.499]: Peer [1002] sent have [87] message to all Peers
[2017-04-11 22:17:07.499]: Peer [1002] send request message to Peer [1001] for piece [99]
[2017-04-11 22:17:07.525]: Peer [1002] received 'not interested' message from Peer [1003]
[2017-04-11 22:17:07.56]: Peer [1002] received 'not interested' message from Peer [1001]
[2017-04-11 22:17:07.561]: Peer [1002] has downloaded the piece [99] from Peer [1001]
[2017-04-11 22:17:07.561]: Peer [1002] sent have [99] message to all Peers
[2017-04-11 22:17:07.561]: Peer [1002] send request message to Peer [1001] for piece [27]
[2017-04-11 22:17:07.59]: Peer [1002] received 'not interested' message from Peer [1003]
[2017-04-11 22:17:07.625]: Peer [1002] received 'not interested' message from Peer [1001]
[2017-04-11 22:17:07.625]: Peer [1002] has downloaded the piece [27] from Peer [1001]
[2017-04-11 22:17:07.626]: Peer [1002] sent have [27] message to all Peers
[2017-04-11 22:17:07.626]: Peer [1002] send request message to Peer [1001] for piece [60]
[2017-04-11 22:17:07.656]: Peer [1002] received 'not interested' message from Peer [1003]
[2017-04-11 22:17:07.689]: Peer [1002] received 'not interested' message from Peer [1001]
[2017-04-11 22:17:07.689]: Peer [1002] has downloaded the piece [60] from Peer [1001]
[2017-04-11 22:17:07.69]: Peer [1002] sent have [60] message to all Peers
[2017-04-11 22:17:07.69]: Peer [1002] send request message to Peer [1001] for piece [18]
[2017-04-11 22:17:07.715]: Peer [1002] received 'not interested' message from Peer [1003]
[2017-04-11 22:17:07.75]: Peer [1002] received 'not interested' message from Peer [1001]
[2017-04-11 22:17:07.751]: Peer [1002] has downloaded the piece [18] from Peer [1001]
[2017-04-11 22:17:07.751]: Peer [1002] sent have [18] message to all Peers
[2017-04-11 22:17:07.751]: Peer [1002] send request message to Peer [1001] for piece [52]
[2017-04-11 22:17:07.775]: Peer [1002] received 'not interested' message from Peer [1003]
[2017-04-11 22:17:07.813]: Peer [1002] received 'not interested' message from Peer [1001]
[2017-04-11 22:17:07.814]: Peer [1002] has downloaded the piece [52] from Peer [1001]
[2017-04-11 22:17:07.814]: Peer [1002] sent have [52] message to all Peers
[2017-04-11 22:17:07.815]: Peer [1002] send request message to Peer [1001] for piece [0]
[2017-04-11 22:17:07.95]: Peer [1002] received 'not interested' message from Peer [1001]
[2017-04-11 22:17:07.951]: Peer [1002] has downloaded the piece [0] from Peer [1001]
[2017-04-11 22:17:07.952]: Peer [1002] sent have [0] message to all Peers
[2017-04-11 22:17:07.953]: Peer [1002] send request message to Peer [1001] for piece [55]
[2017-04-11 22:17:08.012]: Peer [1002] received 'not interested' message from Peer [1001]
[2017-04-11 22:17:08.012]: Peer [1002] has downloaded the piece [55] from Peer [1001]
[2017-04-11 22:17:08.013]: Peer [1002] sent have [55] message to all Peers
[2017-04-11 22:17:08.013]: Peer [1002] send request message to Peer [1001] for piece [59]
[2017-04-11 22:17:08.076]: Peer [1002] received 'not interested' message from Peer [1001]
[2017-04-11 22:17:08.076]: Peer [1002] has downloaded the piece [59] from Peer [1001]
[2017-04-11 22:17:08.076]: Peer [1002] sent have [59] message to all Peers
[2017-04-11 22:17:08.076]: Peer [1002] send request message to Peer [1001] for piece [67]
[2017-04-11 22:17:08.173]: Peer [1002] received 'not interested' message from Peer [1001]
[2017-04-11 22:17:08.175]: Peer [1002] has downloaded the piece [67] from Peer [1001]
[2017-04-11 22:17:08.175]: Peer [1002] sent have [67] message to all Peers
[2017-04-11 22:17:08.175]: Peer [1002] send request message to Peer [1001] for piece [54]
[2017-04-11 22:17:08.244]: Peer [1002] received 'not interested' message from Peer [1001]
[2017-04-11 22:17:08.245]: Peer [1002] has downloaded the piece [54] from Peer [1001]
[2017-04-11 22:17:08.245]: Peer [1002] sent have [54] message to all Peers
[2017-04-11 22:17:08.245]: Peer [1002] send request message to Peer [1001] for piece [102]
[2017-04-11 22:17:08.306]: Peer [1002] received 'not interested' message from Peer [1001]
[2017-04-11 22:17:08.307]: Peer [1002] has downloaded the piece [102] from Peer [1001]
[2017-04-11 22:17:08.307]: Peer [1002] sent have [102] message to all Peers
[2017-04-11 22:17:08.307]: Peer [1002] send request message to Peer [1001] for piece [36]
[2017-04-11 22:17:08.372]: Peer [1002] received 'not interested' message from Peer [1001]
[2017-04-11 22:17:08.372]: Peer [1002] has downloaded the piece [36] from Peer [1001]
[2017-04-11 22:17:08.373]: Peer [1002] sent have [36] message to all Peers
[2017-04-11 22:17:08.374]: Peer [1002] send request message to Peer [1001] for piece [93]
[2017-04-11 22:17:08.437]: Peer [1002] received 'not interested' message from Peer [1001]
[2017-04-11 22:17:08.437]: Peer [1002] has downloaded the piece [93] from Peer [1001]
[2017-04-11 22:17:08.437]: Peer [1002] sent have [93] message to all Peers
[2017-04-11 22:17:08.437]: Peer [1002] send request message to Peer [1001] for piece [69]
[2017-04-11 22:17:08.499]: Peer [1002] received 'not interested' message from Peer [1001]
[2017-04-11 22:17:08.499]: Peer [1002] has downloaded the piece [69] from Peer [1001]
[2017-04-11 22:17:08.5]: Peer [1002] sent have [69] message to all Peers
[2017-04-11 22:17:08.5]: Peer [1002] send request message to Peer [1001] for piece [32]
[2017-04-11 22:17:08.562]: Peer [1002] received 'not interested' message from Peer [1001]
[2017-04-11 22:17:08.562]: Peer [1002] has downloaded the piece [32] from Peer [1001]
[2017-04-11 22:17:08.562]: Peer [1002] sent have [32] message to all Peers
[2017-04-11 22:17:08.562]: Peer [1002] send request message to Peer [1001] for piece [10]
[2017-04-11 22:17:08.628]: Peer [1002] received 'not interested' message from Peer [1001]
[2017-04-11 22:17:08.628]: Peer [1002] has downloaded the piece [10] from Peer [1001]
[2017-04-11 22:17:08.628]: Peer [1002] sent have [10] message to all Peers
[2017-04-11 22:17:08.629]: Peer [1002] send request message to Peer [1001] for piece [74]
[2017-04-11 22:17:08.705]: Peer [1002] received 'not interested' message from Peer [1001]
[2017-04-11 22:17:08.705]: Peer [1002] has downloaded the piece [74] from Peer [1001]
[2017-04-11 22:17:08.707]: Peer [1002] sent have [74] message to all Peers
[2017-04-11 22:17:08.707]: Peer [1002] send request message to Peer [1001] for piece [115]
[2017-04-11 22:17:08.766]: Peer [1002] received 'not interested' message from Peer [1001]
[2017-04-11 22:17:08.766]: Peer [1002] has downloaded the piece [115] from Peer [1001]
[2017-04-11 22:17:08.766]: Peer [1002] sent have [115] message to all Peers
[2017-04-11 22:17:08.767]: Peer [1002] send request message to Peer [1001] for piece [83]
[2017-04-11 22:17:08.845]: Peer [1002] received 'not interested' message from Peer [1003]
[2017-04-11 22:17:08.845]: Peer [1002] received 'not interested' message from Peer [1003]
[2017-04-11 22:17:08.846]: Peer [1002] received 'not interested' message from Peer [1003]
[2017-04-11 22:17:08.846]: Peer [1002] received 'not interested' message from Peer [1003]
[2017-04-11 22:17:08.855]: Peer [1002] received 'not interested' message from Peer [1003]
[2017-04-11 22:17:08.855]: Peer [1002] received 'not interested' message from Peer [1003]
[2017-04-11 22:17:08.868]: Peer [1002] received 'not interested' message from Peer [1003]
[2017-04-11 22:17:08.873]: Peer [1002] received 'not interested' message from Peer [1003]
[2017-04-11 22:17:08.873]: Peer [1002] received 'not interested' message from Peer [1003]
[2017-04-11 22:17:08.873]: Peer [1002] received 'not interested' message from Peer [1003]
[2017-04-11 22:17:08.874]: Peer [1002] received 'not interested' message from Peer [1003]
[2017-04-11 22:17:08.877]: Peer [1002] received 'not interested' message from Peer [1003]
[2017-04-11 22:17:08.886]: Peer [1002] received 'not interested' message from Peer [1001]
[2017-04-11 22:17:08.886]: Peer [1002] has downloaded the piece [83] from Peer [1001]
[2017-04-11 22:17:08.886]: Peer [1002] sent have [83] message to all Peers
[2017-04-11 22:17:08.886]: Peer [1002] sent the 'not intereted' message to Peer [1003]
[2017-04-11 22:17:08.891]: Peer [1002] received 'not interested' message from Peer [1003]
[2017-04-11 22:17:08.891]: Peer [1002] received 'not interested' message from Peer [1003]
[2017-04-11 22:17:08.903]: Peer [1002] received 'not interested' message from Peer [1003]
[2017-04-11 22:17:08.96]: Peer [1002] has downloaded the complete file
[2017-04-11 22:17:09.057]: Peer [1002] is choked by Peer [1003]
